#
# A fatal error has been detected by the Java Runtime Environment:
#
#  SIGSEGV (0xb) at pc=0x00007f4ce61d496d, pid=6200, tid=139968283387648
#
# JRE version: OpenJDK Runtime Environment (7.0_55-b14) (build 1.7.0_55-b14)
# Java VM: OpenJDK 64-Bit Server VM (24.51-b03 mixed mode linux-amd64 compressed oops)
# Problematic frame:
# C  [libopencv_highgui.so.2.4+0x8596d]  jpeg_set_colorspace+0x39d
#
# Failed to write core dump. Core dumps have been disabled. To enable core dumping, try "ulimit -c unlimited" before starting Java again
#
# If you would like to submit a bug report, please include
# instructions on how to reproduce the bug and visit:
#   http://icedtea.classpath.org/bugzilla
# The crash happened outside the Java Virtual Machine in native code.
# See problematic frame for where to report the bug.
#

---------------  T H R E A D  ---------------

Current thread (0x00007f4d282ac000):  JavaThread "AWT-EventQueue-0" [_thread_in_native, id=6221, stack(0x00007f4ce7bfa000,0x00007f4ce7cfb000)]

siginfo:si_signo=SIGSEGV: si_errno=0, si_code=1 (SEGV_MAPERR), si_addr=0x0000000000000008

Registers:
RAX=0x0000000000000008, RBX=0x00007f4cd01857d0, RCX=0x0000000000008000, RDX=0xfffffffffff15e78
RSP=0x00007f4ce7cf70b0, RBP=0x0000000000000003, RSI=0x0000000000000003, RDI=0x00007f4cd01857d0
R8 =0x00007f4cd016b9c9, R9 =0x00007f4d301ff210, R10=0x00007f4ce7cf6e60, R11=0x00007f4ce61d45d0
R12=0x00007f4ce7cf74d0, R13=0x00007f4cd0185dd0, R14=0x00007f4ce7cf74b0, R15=0x0000000000000000
RIP=0x00007f4ce61d496d, EFLAGS=0x0000000000010203, CSGSFS=0x0000000000000033, ERR=0x0000000000000006
  TRAPNO=0x000000000000000e

Top of Stack: (sp=0x00007f4ce7cf70b0)
0x00007f4ce7cf70b0:   00007f4d301ff210 0000000000000000
0x00007f4ce7cf70c0:   00007f4ce7cf72c0 00007f4cc3dfb700
0x00007f4ce7cf70d0:   000000000000003c 0000000000000000
0x00007f4ce7cf70e0:   00007f4ce7cf7100 00007f4d2f4fb670
0x00007f4ce7cf70f0:   0000000000000780 00007f4ce7cf74b0
0x00007f4ce7cf7100:   00007f4ce7cf74d0 00007f4cd0182650
0x00007f4ce7cf7110:   00007f4cd017ba00 0000000000000003
0x00007f4ce7cf7120:   0000000000000000 00007f4cd01857d0
0x00007f4ce7cf7130:   0000000100000002 0000000100000000
0x00007f4ce7cf7140:   00007f4ce7cf7468 00007f4ce7cf7470
0x00007f4ce7cf7150:   0000000000000001 00007f4ce7cf74e8
0x00007f4ce7cf7160:   00007f4cd01866c0 0000000300000002
0x00007f4ce7cf7170:   00007f4ce7cf7428 0000000000000000
0x00007f4ce7cf7180:   00007f4ce7cf7420 00007f4ce7cf7438
0x00007f4ce7cf7190:   00007f4ce7cf7430 00007f4ce7cf7480
0x00007f4ce7cf71a0:   00007f4d282ac1d8 00007f4cd01866c0
0x00007f4ce7cf71b0:   00007f4cd0182650 00000000000003d8
0x00007f4ce7cf71c0:   00007f4cf4001ba8 000000010000001c
0x00007f4ce7cf71d0:   00007f4c0000001b 00007f4ce7cf7408
0x00007f4ce7cf71e0:   00007f4ce7cf7380 00007f4ce7cf7280
0x00007f4ce7cf71f0:   00007f4ce7cf7288 00007f4ce7cf7280
0x00007f4ce7cf7200:   0000000000000005 00007f4d2f423c70
0x00007f4ce7cf7210:   000000009a21a170 000000009a2219d0
0x00007f4ce7cf7220:   0000000000000000 000000009a2219d0
0x00007f4ce7cf7230:   00007f4ce7cf74e8 00007f4d282ac000
0x00007f4ce7cf7240:   00007f4ce7cf73f0 00007f4d250053d4
0x00007f4ce7cf7250:   00007f4d2500538c 00007f4ce7cf74e8
0x00007f4ce7cf7260:   00007f4cd01866c0 00007f4ce7cf74d0
0x00007f4ce7cf7270:   0000000000000002 0000000000000003
0x00007f4ce7cf7280:   00007f4d00000000 5f42212dcc0fa400
0x00007f4ce7cf7290:   000000009a2219d0 000000009a2219d0
0x00007f4ce7cf72a0:   0000000000000000 000000009a2219d0 

Instructions: (pc=0x00007f4ce61d496d)
0x00007f4ce61d494d:   83 c4 08 5b 5d c3 0f 1f 44 00 00 48 8b 43 58 c7
0x00007f4ce61d495d:   83 20 01 00 00 01 00 00 00 c7 43 4c 03 00 00 00
0x00007f4ce61d496d:   c7 00 01 00 00 00 c7 40 08 02 00 00 00 c7 40 0c
0x00007f4ce61d497d:   02 00 00 00 c7 40 10 00 00 00 00 c7 40 14 00 00 

Register to memory mapping:

RAX=0x0000000000000008 is an unknown value
RBX=0x00007f4cd01857d0 is an unknown value
RCX=0x0000000000008000 is an unknown value
RDX=0xfffffffffff15e78 is an unknown value
RSP=0x00007f4ce7cf70b0 is pointing into the stack for thread: 0x00007f4d282ac000
RBP=0x0000000000000003 is an unknown value
RSI=0x0000000000000003 is an unknown value
RDI=0x00007f4cd01857d0 is an unknown value
R8 =0x00007f4cd016b9c9 is an unknown value
R9 =0x00007f4d301ff210: <offset 0x149210> in /lib/x86_64-linux-gnu/libc.so.6 at 0x00007f4d300b6000
R10=0x00007f4ce7cf6e60 is pointing into the stack for thread: 0x00007f4d282ac000
R11=0x00007f4ce61d45d0: jpeg_set_colorspace+0 in /tmp/javacpp13707875923150/libopencv_highgui.so.2.4 at 0x00007f4ce614f000
R12=0x00007f4ce7cf74d0 is pointing into the stack for thread: 0x00007f4d282ac000
R13=0x00007f4cd0185dd0 is an unknown value
R14=0x00007f4ce7cf74b0 is pointing into the stack for thread: 0x00007f4d282ac000
R15=0x0000000000000000 is an unknown value


Stack: [0x00007f4ce7bfa000,0x00007f4ce7cfb000],  sp=0x00007f4ce7cf70b0,  free space=1012k
Native frames: (J=compiled Java code, j=interpreted, Vv=VM code, C=native code)
C  [libopencv_highgui.so.2.4+0x8596d]  jpeg_set_colorspace+0x39d

Java frames: (J=compiled Java code, j=interpreted, Vv=VM code)
j  com.sun.imageio.plugins.jpeg.JPEGImageWriter.writeImage(J[BIII[IIIIII[Ljavax/imageio/plugins/jpeg/JPEGQTable;Z[Ljavax/imageio/plugins/jpeg/JPEGHuffmanTable;[Ljavax/imageio/plugins/jpeg/JPEGHuffmanTable;ZZZI[I[I[I[I[IZI)Z+0
j  com.sun.imageio.plugins.jpeg.JPEGImageWriter.writeOnThread(Ljavax/imageio/metadata/IIOMetadata;Ljavax/imageio/IIOImage;Ljavax/imageio/ImageWriteParam;)V+3190
j  com.sun.imageio.plugins.jpeg.JPEGImageWriter.write(Ljavax/imageio/metadata/IIOMetadata;Ljavax/imageio/IIOImage;Ljavax/imageio/ImageWriteParam;)V+15
j  javax.imageio.ImageWriter.write(Ljava/awt/image/RenderedImage;)V+13
j  javax.imageio.ImageIO.doWrite(Ljava/awt/image/RenderedImage;Ljavax/imageio/ImageWriter;Ljavax/imageio/stream/ImageOutputStream;)Z+13
j  javax.imageio.ImageIO.write(Ljava/awt/image/RenderedImage;Ljava/lang/String;Ljava/io/File;)Z+61
j  projetg2.DicomCreate.takePicture()V+78
j  projetg2.ProjetG2_GUI.jButton1MouseClicked(Ljava/awt/event/MouseEvent;)V+33
j  projetg2.ProjetG2_GUI.access$400(Lprojetg2/ProjetG2_GUI;Ljava/awt/event/MouseEvent;)V+2
j  projetg2.ProjetG2_GUI$5.mouseClicked(Ljava/awt/event/MouseEvent;)V+5
j  java.awt.AWTEventMulticaster.mouseClicked(Ljava/awt/event/MouseEvent;)V+21
j  java.awt.Component.processMouseEvent(Ljava/awt/event/MouseEvent;)V+74
j  javax.swing.JComponent.processMouseEvent(Ljava/awt/event/MouseEvent;)V+23
j  java.awt.Component.processEvent(Ljava/awt/AWTEvent;)V+81
j  java.awt.Container.processEvent(Ljava/awt/AWTEvent;)V+18
j  java.awt.Component.dispatchEventImpl(Ljava/awt/AWTEvent;)V+581
j  java.awt.Container.dispatchEventImpl(Ljava/awt/AWTEvent;)V+42
j  java.awt.Component.dispatchEvent(Ljava/awt/AWTEvent;)V+2
j  java.awt.LightweightDispatcher.retargetMouseEvent(Ljava/awt/Component;ILjava/awt/event/MouseEvent;)V+327
j  java.awt.LightweightDispatcher.processMouseEvent(Ljava/awt/event/MouseEvent;)Z+157
j  java.awt.LightweightDispatcher.dispatchEvent(Ljava/awt/AWTEvent;)Z+50
j  java.awt.Container.dispatchEventImpl(Ljava/awt/AWTEvent;)V+12
j  java.awt.Window.dispatchEventImpl(Ljava/awt/AWTEvent;)V+19
j  java.awt.Component.dispatchEvent(Ljava/awt/AWTEvent;)V+2
j  java.awt.EventQueue.dispatchEventImpl(Ljava/awt/AWTEvent;Ljava/lang/Object;)V+41
j  java.awt.EventQueue.access$200(Ljava/awt/EventQueue;Ljava/awt/AWTEvent;Ljava/lang/Object;)V+3
j  java.awt.EventQueue$3.run()Ljava/lang/Void;+12
j  java.awt.EventQueue$3.run()Ljava/lang/Object;+1
v  ~StubRoutines::call_stub
j  java.security.AccessController.doPrivileged(Ljava/security/PrivilegedAction;Ljava/security/AccessControlContext;)Ljava/lang/Object;+0
j  java.security.ProtectionDomain$1.doIntersectionPrivilege(Ljava/security/PrivilegedAction;Ljava/security/AccessControlContext;Ljava/security/AccessControlContext;)Ljava/lang/Object;+28
j  java.security.ProtectionDomain$1.doIntersectionPrivilege(Ljava/security/PrivilegedAction;Ljava/security/AccessControlContext;)Ljava/lang/Object;+6
j  java.awt.EventQueue$4.run()Ljava/lang/Void;+11
j  java.awt.EventQueue$4.run()Ljava/lang/Object;+1
v  ~StubRoutines::call_stub
j  java.security.AccessController.doPrivileged(Ljava/security/PrivilegedAction;Ljava/security/AccessControlContext;)Ljava/lang/Object;+0
j  java.security.ProtectionDomain$1.doIntersectionPrivilege(Ljava/security/PrivilegedAction;Ljava/security/AccessControlContext;Ljava/security/AccessControlContext;)Ljava/lang/Object;+28
j  java.awt.EventQueue.dispatchEvent(Ljava/awt/AWTEvent;)V+73
j  java.awt.EventDispatchThread.pumpOneEventForFilters(I)V+245
j  java.awt.EventDispatchThread.pumpEventsForFilter(ILjava/awt/Conditional;Ljava/awt/EventFilter;)V+35
j  java.awt.EventDispatchThread.pumpEventsForHierarchy(ILjava/awt/Conditional;Ljava/awt/Component;)V+11
j  java.awt.EventDispatchThread.pumpEvents(ILjava/awt/Conditional;)V+4
j  java.awt.EventDispatchThread.pumpEvents(Ljava/awt/Conditional;)V+3
j  java.awt.EventDispatchThread.run()V+9
v  ~StubRoutines::call_stub

---------------  P R O C E S S  ---------------

Java Threads: ( => current thread )
  0x00007f4cd00cf000 JavaThread "Timer-0" daemon [_thread_blocked, id=6224, stack(0x00007f4ce728d000,0x00007f4ce738e000)]
  0x00007f4cd0019800 JavaThread "TimerQueue" daemon [_thread_blocked, id=6222, stack(0x00007f4ce738e000,0x00007f4ce748f000)]
  0x00007f4d2800a800 JavaThread "DestroyJavaVM" [_thread_blocked, id=6205, stack(0x00007f4d307b9000,0x00007f4d308ba000)]
=>0x00007f4d282ac000 JavaThread "AWT-EventQueue-0" [_thread_in_native, id=6221, stack(0x00007f4ce7bfa000,0x00007f4ce7cfb000)]
  0x00007f4d282ab000 JavaThread "AWT-Shutdown" [_thread_blocked, id=6220, stack(0x00007f4ce7cfb000,0x00007f4ce7dfc000)]
  0x00007f4d28255000 JavaThread "AWT-XAWT" daemon [_thread_in_native, id=6219, stack(0x00007f4d14060000,0x00007f4d14161000)]
  0x00007f4d2822a000 JavaThread "Java2D Disposer" daemon [_thread_blocked, id=6218, stack(0x00007f4d1c034000,0x00007f4d1c135000)]
  0x00007f4d280a7000 JavaThread "Service Thread" daemon [_thread_blocked, id=6216, stack(0x00007f4d1c2ac000,0x00007f4d1c3ad000)]
  0x00007f4d280a4800 JavaThread "C2 CompilerThread1" daemon [_thread_blocked, id=6215, stack(0x00007f4d2404c000,0x00007f4d2414d000)]
  0x00007f4d280a1800 JavaThread "C2 CompilerThread0" daemon [_thread_blocked, id=6214, stack(0x00007f4d1c3ad000,0x00007f4d1c4ae000)]
  0x00007f4d2809f800 JavaThread "Signal Dispatcher" daemon [_thread_blocked, id=6213, stack(0x00007f4d1c4ae000,0x00007f4d1c5af000)]
  0x00007f4d2807c800 JavaThread "Finalizer" daemon [_thread_blocked, id=6212, stack(0x00007f4d2414d000,0x00007f4d2424e000)]
  0x00007f4d2807a800 JavaThread "Reference Handler" daemon [_thread_blocked, id=6211, stack(0x00007f4d2424e000,0x00007f4d2434f000)]

Other Threads:
  0x00007f4d28076000 VMThread [stack: 0x00007f4d2434f000,0x00007f4d24450000] [id=6210]
  0x00007f4d280b1800 WatcherThread [stack: 0x00007f4d1c1ab000,0x00007f4d1c2ac000] [id=6217]

VM state:not at safepoint (normal execution)

VM Mutex/Monitor currently owned by a thread: None

Heap
 PSYoungGen      total 28160K, used 18965K [0x00000000e1280000, 0x00000000e3180000, 0x0000000100000000)
  eden space 24576K, 77% used [0x00000000e1280000,0x00000000e2505480,0x00000000e2a80000)
  from space 3584K, 0% used [0x00000000e2e00000,0x00000000e2e00000,0x00000000e3180000)
  to   space 3584K, 0% used [0x00000000e2a80000,0x00000000e2a80000,0x00000000e2e00000)
 ParOldGen       total 62976K, used 0K [0x00000000a3800000, 0x00000000a7580000, 0x00000000e1280000)
  object space 62976K, 0% used [0x00000000a3800000,0x00000000a3800000,0x00000000a7580000)
 PSPermGen       total 21504K, used 16755K [0x0000000099200000, 0x000000009a700000, 0x00000000a3800000)
  object space 21504K, 77% used [0x0000000099200000,0x000000009a25cd50,0x000000009a700000)

Card table byte_map: [0x00007f4d2d0f7000,0x00007f4d2d42f000] byte_map_base: 0x00007f4d2cc2e000

Polling page: 0x00007f4d307b8000

Code Cache  [0x00007f4d25000000, 0x00007f4d25270000, 0x00007f4d28000000)
 total_blobs=616 nmethods=85 adapters=484 free_code_cache=48428Kb largest_free_block=49556352

Compilation events (10 events):
Event: 9.795 Thread 0x00007f4d280a4800   81             java.nio.HeapByteBuffer::put (16 bytes)
Event: 9.795 Thread 0x00007f4d280a1800   82             java.nio.Buffer::nextPutIndex (31 bytes)
Event: 9.795 Thread 0x00007f4d280a1800 nmethod 82 0x00007f4d250b4550 code [0x00007f4d250b4680, 0x00007f4d250b46f8]
Event: 9.795 Thread 0x00007f4d280a1800   83             java.nio.DirectByteBuffer::ix (10 bytes)
Event: 9.796 Thread 0x00007f4d280a1800 nmethod 83 0x00007f4d250b6150 code [0x00007f4d250b6280, 0x00007f4d250b62d8]
Event: 9.796 Thread 0x00007f4d280a1800   84             java.nio.DirectByteBuffer::get (15 bytes)
Event: 9.796 Thread 0x00007f4d280a4800 nmethod 81 0x00007f4d250aea90 code [0x00007f4d250aebe0, 0x00007f4d250aecb8]
Event: 9.796 Thread 0x00007f4d280a1800 nmethod 84 0x00007f4d250ae850 code [0x00007f4d250ae980, 0x00007f4d250ae9f8]
Event: 9.796 Thread 0x00007f4d280a4800   85 %           com.googlecode.javacv.cpp.opencv_core$IplImage::flipCopyWithGamma @ 484 (608 bytes)
Event: 9.835 Thread 0x00007f4d280a4800 nmethod 85% 0x00007f4d250ba310 code [0x00007f4d250ba640, 0x00007f4d250bc580]

GC Heap History (0 events):
No events

Deoptimization events (10 events):
Event: 0.410 Thread 0x00007f4d2800a800 Uncommon trap: reason=class_check action=maybe_recompile pc=0x00007f4d25084170 method=java.util.Properties$LineReader.readLine()I @ 62
Event: 0.411 Thread 0x00007f4d2800a800 Uncommon trap: reason=class_check action=maybe_recompile pc=0x00007f4d25084170 method=java.util.Properties$LineReader.readLine()I @ 62
Event: 1.981 Thread 0x00007f4d282ac000 Uncommon trap: reason=bimorphic action=maybe_recompile pc=0x00007f4d2508ed7c method=java.util.Properties$LineReader.readLine()I @ 62
Event: 1.981 Thread 0x00007f4d282ac000 Uncommon trap: reason=bimorphic action=maybe_recompile pc=0x00007f4d2508ed7c method=java.util.Properties$LineReader.readLine()I @ 62
Event: 1.981 Thread 0x00007f4d282ac000 Uncommon trap: reason=bimorphic action=maybe_recompile pc=0x00007f4d2508ed7c method=java.util.Properties$LineReader.readLine()I @ 62
Event: 4.921 Thread 0x00007f4d282ac000 Uncommon trap: reason=class_check action=maybe_recompile pc=0x00007f4d25079554 method=java.lang.String.equals(Ljava/lang/Object;)Z @ 8
Event: 4.921 Thread 0x00007f4d282ac000 Uncommon trap: reason=class_check action=maybe_recompile pc=0x00007f4d25079554 method=java.lang.String.equals(Ljava/lang/Object;)Z @ 8
Event: 6.273 Thread 0x00007f4d282ac000 Uncommon trap: reason=class_check action=maybe_recompile pc=0x00007f4d25079554 method=java.lang.String.equals(Ljava/lang/Object;)Z @ 8
Event: 6.273 Thread 0x00007f4d282ac000 Uncommon trap: reason=class_check action=maybe_recompile pc=0x00007f4d25079554 method=java.lang.String.equals(Ljava/lang/Object;)Z @ 8
Event: 8.099 Thread 0x00007f4d282ac000 Uncommon trap: reason=unreached action=reinterpret pc=0x00007f4d2508eb48 method=java.util.Properties$LineReader.readLine()I @ 97

Internal exceptions (10 events):
Event: 9.737 Thread 0x00007f4d282ac000 Threw 0x00000000e22fb7d0 at /build/buildd/openjdk-7-7u55-2.4.7/build/openjdk/hotspot/src/share/vm/prims/jvm.cpp:1244
Event: 9.737 Thread 0x00007f4d282ac000 Threw 0x00000000e23020e8 at /build/buildd/openjdk-7-7u55-2.4.7/build/openjdk/hotspot/src/share/vm/prims/jvm.cpp:1244
Event: 9.747 Thread 0x00007f4d282ac000 Threw 0x00000000e2321cf0 at /build/buildd/openjdk-7-7u55-2.4.7/build/openjdk/hotspot/src/share/vm/prims/jvm.cpp:1244
Event: 9.751 Thread 0x00007f4d282ac000 Threw 0x00000000e23462c0 at /build/buildd/openjdk-7-7u55-2.4.7/build/openjdk/hotspot/src/share/vm/prims/jvm.cpp:1244
Event: 9.751 Thread 0x00007f4d282ac000 Threw 0x00000000e234c180 at /build/buildd/openjdk-7-7u55-2.4.7/build/openjdk/hotspot/src/share/vm/prims/jvm.cpp:1244
Event: 9.752 Thread 0x00007f4d282ac000 Threw 0x00000000e2351cc8 at /build/buildd/openjdk-7-7u55-2.4.7/build/openjdk/hotspot/src/share/vm/prims/jvm.cpp:1244
Event: 9.752 Thread 0x00007f4d282ac000 Threw 0x00000000e2357ee8 at /build/buildd/openjdk-7-7u55-2.4.7/build/openjdk/hotspot/src/share/vm/prims/jvm.cpp:1244
Event: 9.757 Thread 0x00007f4d282ac000 Threw 0x00000000e236fb10 at /build/buildd/openjdk-7-7u55-2.4.7/build/openjdk/hotspot/src/share/vm/prims/jvm.cpp:1244
Event: 9.773 Thread 0x00007f4d282ac000 Threw 0x00000000e23c5148 at /build/buildd/openjdk-7-7u55-2.4.7/build/openjdk/hotspot/src/share/vm/prims/jvm.cpp:1244
Event: 9.774 Thread 0x00007f4d282ac000 Threw 0x00000000e23c9b48 at /build/buildd/openjdk-7-7u55-2.4.7/build/openjdk/hotspot/src/share/vm/prims/jvm.cpp:1244

Events (10 events):
Event: 9.885 loading class 0x00007f4cf42f8f40
Event: 9.886 loading class 0x00007f4cf42f8f40 done
Event: 9.886 loading class 0x00007f4cf42f8cf0
Event: 9.886 loading class 0x00007f4cf42f8cf0 done
Event: 9.886 loading class 0x00007f4cf42f96d0
Event: 9.886 loading class 0x00007f4cf42f96d0 done
Event: 9.886 loading class 0x00007f4cf42f88d0
Event: 9.886 loading class 0x00007f4cf42f88d0 done
Event: 9.886 loading class 0x00007f4cf42f8a40
Event: 9.886 loading class 0x00007f4cf42f8a40 done


Dynamic libraries:
00400000-00401000 r-xp 00000000 08:07 527165                             /usr/lib/jvm/java-7-openjdk-amd64/jre/bin/java
00600000-00601000 r--p 00000000 08:07 527165                             /usr/lib/jvm/java-7-openjdk-amd64/jre/bin/java
00601000-00602000 rw-p 00001000 08:07 527165                             /usr/lib/jvm/java-7-openjdk-amd64/jre/bin/java
00929000-0094a000 rw-p 00000000 00:00 0                                  [heap]
99200000-9a700000 rw-p 00000000 00:00 0 
9a700000-a3800000 rw-p 00000000 00:00 0 
a3800000-a7580000 rw-p 00000000 00:00 0 
a7580000-e1280000 rw-p 00000000 00:00 0 
e1280000-e3180000 rw-p 00000000 00:00 0 
e3180000-100000000 rw-p 00000000 00:00 0 
7f4cc3df5000-7f4cc3dff000 r-xp 00000000 08:07 527129                     /usr/lib/jvm/java-7-openjdk-amd64/jre/lib/amd64/libjavajpeg.so
7f4cc3dff000-7f4cc3ffe000 ---p 0000a000 08:07 527129                     /usr/lib/jvm/java-7-openjdk-amd64/jre/lib/amd64/libjavajpeg.so
7f4cc3ffe000-7f4cc3fff000 r--p 00009000 08:07 527129                     /usr/lib/jvm/java-7-openjdk-amd64/jre/lib/amd64/libjavajpeg.so
7f4cc3fff000-7f4cc4000000 rw-p 0000a000 08:07 527129                     /usr/lib/jvm/java-7-openjdk-amd64/jre/lib/amd64/libjavajpeg.so
7f4cc4000000-7f4cc8000000 rw-p 00000000 00:00 0 
7f4cc8000000-7f4cc8021000 rw-p 00000000 00:00 0 
7f4cc8021000-7f4ccc000000 ---p 00000000 00:00 0 
7f4ccc000000-7f4ccc02d000 rw-p 00000000 00:00 0 
7f4ccc02d000-7f4cd0000000 ---p 00000000 00:00 0 
7f4cd0000000-7f4cd01af000 rw-p 00000000 00:00 0 
7f4cd01af000-7f4cd4000000 ---p 00000000 00:00 0 
7f4cd4000000-7f4cd4021000 rw-p 00000000 00:00 0 
7f4cd4021000-7f4cd8000000 ---p 00000000 00:00 0 
7f4cd8000000-7f4cd8021000 rw-p 00000000 00:00 0 
7f4cd8021000-7f4cdc000000 ---p 00000000 00:00 0 
7f4cdc000000-7f4cdc021000 rw-p 00000000 00:00 0 
7f4cdc021000-7f4ce0000000 ---p 00000000 00:00 0 
7f4ce0000000-7f4ce0021000 rw-p 00000000 00:00 0 
7f4ce0021000-7f4ce4000000 ---p 00000000 00:00 0 
7f4ce40f4000-7f4ce419d000 r-xp 00000000 08:07 5111970                    /tmp/javacpp13707875923150/libjniopencv_core.so
7f4ce419d000-7f4ce439d000 ---p 000a9000 08:07 5111970                    /tmp/javacpp13707875923150/libjniopencv_core.so
7f4ce439d000-7f4ce439e000 r--p 000a9000 08:07 5111970                    /tmp/javacpp13707875923150/libjniopencv_core.so
7f4ce439e000-7f4ce439f000 rw-p 000aa000 08:07 5111970                    /tmp/javacpp13707875923150/libjniopencv_core.so
7f4ce439f000-7f4ce4482000 rw-p 00000000 00:00 0 
7f4ce4482000-7f4ce4518000 rw-s 001c2000 00:05 1833                       /dev/video0
7f4ce4518000-7f4ce45ae000 rw-s 0012c000 00:05 1833                       /dev/video0
7f4ce45ae000-7f4ce4644000 rw-s 00096000 00:05 1833                       /dev/video0
7f4ce4644000-7f4ce5645000 rw-p 00000000 00:00 0 
7f4ce5645000-7f4ce5658000 r-xp 00000000 08:07 5111969                    /tmp/javacpp13707875923150/libjniopencv_highgui.so
7f4ce5658000-7f4ce5857000 ---p 00013000 08:07 5111969                    /tmp/javacpp13707875923150/libjniopencv_highgui.so
7f4ce5857000-7f4ce5858000 r--p 00012000 08:07 5111969                    /tmp/javacpp13707875923150/libjniopencv_highgui.so
7f4ce5858000-7f4ce5859000 rw-p 00013000 08:07 5111969                    /tmp/javacpp13707875923150/libjniopencv_highgui.so
7f4ce5859000-7f4ce5898000 r-xp 00000000 08:07 398687                     /usr/lib/x86_64-linux-gnu/libjpeg.so.8.0.2
7f4ce5898000-7f4ce5a98000 ---p 0003f000 08:07 398687                     /usr/lib/x86_64-linux-gnu/libjpeg.so.8.0.2
7f4ce5a98000-7f4ce5a99000 r--p 0003f000 08:07 398687                     /usr/lib/x86_64-linux-gnu/libjpeg.so.8.0.2
7f4ce5a99000-7f4ce5a9a000 rw-p 00040000 08:07 398687                     /usr/lib/x86_64-linux-gnu/libjpeg.so.8.0.2
7f4ce5a9a000-7f4ce5aaa000 rw-p 00000000 00:00 0 
7f4ce5aaa000-7f4ce5acd000 r-xp 00000000 08:07 401276                     /usr/lib/x86_64-linux-gnu/libv4lconvert.so.0
7f4ce5acd000-7f4ce5ccd000 ---p 00023000 08:07 401276                     /usr/lib/x86_64-linux-gnu/libv4lconvert.so.0
7f4ce5ccd000-7f4ce5ccf000 r--p 00023000 08:07 401276                     /usr/lib/x86_64-linux-gnu/libv4lconvert.so.0
7f4ce5ccf000-7f4ce5cd0000 rw-p 00025000 08:07 401276                     /usr/lib/x86_64-linux-gnu/libv4lconvert.so.0
7f4ce5cd0000-7f4ce5d22000 rw-p 00000000 00:00 0 
7f4ce5d22000-7f4ce5d2a000 r-xp 00000000 08:07 401275                     /usr/lib/x86_64-linux-gnu/libv4l2.so.0
7f4ce5d2a000-7f4ce5f29000 ---p 00008000 08:07 401275                     /usr/lib/x86_64-linux-gnu/libv4l2.so.0
7f4ce5f29000-7f4ce5f2a000 r--p 00007000 08:07 401275                     /usr/lib/x86_64-linux-gnu/libv4l2.so.0
7f4ce5f2a000-7f4ce5f2e000 rw-p 00008000 08:07 401275                     /usr/lib/x86_64-linux-gnu/libv4l2.so.0
7f4ce5f2e000-7f4ce5f33000 r-xp 00000000 08:07 401274                     /usr/lib/x86_64-linux-gnu/libv4l1.so.0
7f4ce5f33000-7f4ce6132000 ---p 00005000 08:07 401274                     /usr/lib/x86_64-linux-gnu/libv4l1.so.0
7f4ce6132000-7f4ce6133000 r--p 00004000 08:07 401274                     /usr/lib/x86_64-linux-gnu/libv4l1.so.0
7f4ce6133000-7f4ce6134000 rw-p 00005000 08:07 401274                     /usr/lib/x86_64-linux-gnu/libv4l1.so.0
7f4ce614f000-7f4ce6396000 r-xp 00000000 08:07 5111965                    /tmp/javacpp13707875923150/libopencv_highgui.so.2.4
7f4ce6396000-7f4ce6596000 ---p 00247000 08:07 5111965                    /tmp/javacpp13707875923150/libopencv_highgui.so.2.4
7f4ce6596000-7f4ce659e000 r--p 00247000 08:07 5111965                    /tmp/javacpp13707875923150/libopencv_highgui.so.2.4
7f4ce659e000-7f4ce65a7000 rw-p 0024f000 08:07 5111965                    /tmp/javacpp13707875923150/libopencv_highgui.so.2.4
7f4ce65a7000-7f4ce65af000 rw-p 00000000 00:00 0 
7f4ce65af000-7f4ce680b000 r-xp 00000000 08:07 5111964                    /tmp/javacpp13707875923150/libopencv_imgproc.so.2.4
7f4ce680b000-7f4ce6a0b000 ---p 0025c000 08:07 5111964                    /tmp/javacpp13707875923150/libopencv_imgproc.so.2.4
7f4ce6a0b000-7f4ce6a12000 r--p 0025c000 08:07 5111964                    /tmp/javacpp13707875923150/libopencv_imgproc.so.2.4
7f4ce6a12000-7f4ce6a14000 rw-p 00263000 08:07 5111964                    /tmp/javacpp13707875923150/libopencv_imgproc.so.2.4
7f4ce6a14000-7f4ce6aa9000 rw-p 00000000 00:00 0 
7f4ce6aa9000-7f4ce6d51000 r-xp 00000000 08:07 5111963                    /tmp/javacpp13707875923150/libopencv_core.so.2.4
7f4ce6d51000-7f4ce6f51000 ---p 002a8000 08:07 5111963                    /tmp/javacpp13707875923150/libopencv_core.so.2.4
7f4ce6f51000-7f4ce6f55000 r--p 002a8000 08:07 5111963                    /tmp/javacpp13707875923150/libopencv_core.so.2.4
7f4ce6f55000-7f4ce6f5e000 rw-p 002ac000 08:07 5111963                    /tmp/javacpp13707875923150/libopencv_core.so.2.4
7f4ce6f5e000-7f4ce6f61000 rw-p 00000000 00:00 0 
7f4ce6f61000-7f4ce6f8a000 r-xp 00000000 08:07 5111961                    /tmp/javacpp13707875923150/libtbb.so
7f4ce6f8a000-7f4ce7189000 ---p 00029000 08:07 5111961                    /tmp/javacpp13707875923150/libtbb.so
7f4ce7189000-7f4ce718b000 r--p 00028000 08:07 5111961                    /tmp/javacpp13707875923150/libtbb.so
7f4ce718b000-7f4ce718c000 rw-p 0002a000 08:07 5111961                    /tmp/javacpp13707875923150/libtbb.so
7f4ce718c000-7f4ce718f000 ---p 00000000 00:00 0 
7f4ce718f000-7f4ce728d000 rw-p 00000000 00:00 0 
7f4ce728d000-7f4ce7290000 ---p 00000000 00:00 0 
7f4ce7290000-7f4ce738e000 rw-p 00000000 00:00 0                          [stack:6224]
7f4ce738e000-7f4ce7391000 ---p 00000000 00:00 0 
7f4ce7391000-7f4ce748f000 rw-p 00000000 00:00 0                          [stack:6222]
7f4ce748f000-7f4ce757b000 rw-s 00000000 00:04 2621458                    /SYSV00000000 (deleted)
7f4ce757b000-7f4ce758b000 r-xp 00000000 08:07 527014                     /usr/lib/jvm/java-7-openjdk-amd64/jre/lib/amd64/libnio.so
7f4ce758b000-7f4ce778b000 ---p 00010000 08:07 527014                     /usr/lib/jvm/java-7-openjdk-amd64/jre/lib/amd64/libnio.so
7f4ce778b000-7f4ce778c000 r--p 00010000 08:07 527014                     /usr/lib/jvm/java-7-openjdk-amd64/jre/lib/amd64/libnio.so
7f4ce778c000-7f4ce778d000 rw-p 00011000 08:07 527014                     /usr/lib/jvm/java-7-openjdk-amd64/jre/lib/amd64/libnio.so
7f4ce778d000-7f4ce77a4000 r-xp 00000000 08:07 527022                     /usr/lib/jvm/java-7-openjdk-amd64/jre/lib/amd64/libnet.so
7f4ce77a4000-7f4ce79a3000 ---p 00017000 08:07 527022                     /usr/lib/jvm/java-7-openjdk-amd64/jre/lib/amd64/libnet.so
7f4ce79a3000-7f4ce79a4000 r--p 00016000 08:07 527022                     /usr/lib/jvm/java-7-openjdk-amd64/jre/lib/amd64/libnet.so
7f4ce79a4000-7f4ce79a5000 rw-p 00017000 08:07 527022                     /usr/lib/jvm/java-7-openjdk-amd64/jre/lib/amd64/libnet.so
7f4ce79a5000-7f4ce79f6000 r-xp 00000000 08:07 527119                     /usr/lib/jvm/java-7-openjdk-amd64/jre/lib/amd64/libfontmanager.so
7f4ce79f6000-7f4ce7bf6000 ---p 00051000 08:07 527119                     /usr/lib/jvm/java-7-openjdk-amd64/jre/lib/amd64/libfontmanager.so
7f4ce7bf6000-7f4ce7bf9000 r--p 00051000 08:07 527119                     /usr/lib/jvm/java-7-openjdk-amd64/jre/lib/amd64/libfontmanager.so
7f4ce7bf9000-7f4ce7bfa000 rw-p 00054000 08:07 527119                     /usr/lib/jvm/java-7-openjdk-amd64/jre/lib/amd64/libfontmanager.so
7f4ce7bfa000-7f4ce7bfd000 ---p 00000000 00:00 0 
7f4ce7bfd000-7f4ce7cfb000 rw-p 00000000 00:00 0                          [stack:6221]
7f4ce7cfb000-7f4ce7cfe000 ---p 00000000 00:00 0 
7f4ce7cfe000-7f4ce7dfc000 rw-p 00000000 00:00 0                          [stack:6220]
7f4ce7dfc000-7f4ce7dff000 r-xp 00000000 08:07 4722307                    /lib/x86_64-linux-gnu/libgpg-error.so.0.8.0
7f4ce7dff000-7f4ce7ffe000 ---p 00003000 08:07 4722307                    /lib/x86_64-linux-gnu/libgpg-error.so.0.8.0
7f4ce7ffe000-7f4ce7fff000 r--p 00002000 08:07 4722307                    /lib/x86_64-linux-gnu/libgpg-error.so.0.8.0
7f4ce7fff000-7f4ce8000000 rw-p 00003000 08:07 4722307                    /lib/x86_64-linux-gnu/libgpg-error.so.0.8.0
7f4ce8000000-7f4ce8021000 rw-p 00000000 00:00 0 
7f4ce8021000-7f4cec000000 ---p 00000000 00:00 0 
7f4cec000000-7f4cec021000 rw-p 00000000 00:00 0 
7f4cec021000-7f4cf0000000 ---p 00000000 00:00 0 
7f4cf0000000-7f4cf024b000 rw-p 00000000 00:00 0 
7f4cf024b000-7f4cf4000000 ---p 00000000 00:00 0 
7f4cf4000000-7f4cf4450000 rw-p 00000000 00:00 0 
7f4cf4450000-7f4cf8000000 ---p 00000000 00:00 0 
7f4cf8000000-7f4cf8021000 rw-p 00000000 00:00 0 
7f4cf8021000-7f4cfc000000 ---p 00000000 00:00 0 
7f4cfc000000-7f4cfc021000 rw-p 00000000 00:00 0 
7f4cfc021000-7f4d00000000 ---p 00000000 00:00 0 
7f4d00000000-7f4d00021000 rw-p 00000000 00:00 0 
7f4d00021000-7f4d04000000 ---p 00000000 00:00 0 
7f4d04000000-7f4d04021000 rw-p 00000000 00:00 0 
7f4d04021000-7f4d08000000 ---p 00000000 00:00 0 
7f4d08000000-7f4d08021000 rw-p 00000000 00:00 0 
7f4d08021000-7f4d0c000000 ---p 00000000 00:00 0 
7f4d0c025000-7f4d0c0bb000 rw-s 00000000 00:05 1833                       /dev/video0
7f4d0c0bb000-7f4d0c0bd000 r-xp 00000000 08:07 4722314                    /lib/x86_64-linux-gnu/libkeyutils.so.1.4
7f4d0c0bd000-7f4d0c2bd000 ---p 00002000 08:07 4722314                    /lib/x86_64-linux-gnu/libkeyutils.so.1.4
7f4d0c2bd000-7f4d0c2be000 r--p 00002000 08:07 4722314                    /lib/x86_64-linux-gnu/libkeyutils.so.1.4
7f4d0c2be000-7f4d0c2bf000 rw-p 00003000 08:07 4722314                    /lib/x86_64-linux-gnu/libkeyutils.so.1.4
7f4d0c2bf000-7f4d0c302000 r-xp 00000000 08:07 4722257                    /lib/x86_64-linux-gnu/libdbus-1.so.3.7.2
7f4d0c302000-7f4d0c501000 ---p 00043000 08:07 4722257                    /lib/x86_64-linux-gnu/libdbus-1.so.3.7.2
7f4d0c501000-7f4d0c502000 r--p 00042000 08:07 4722257                    /lib/x86_64-linux-gnu/libdbus-1.so.3.7.2
7f4d0c502000-7f4d0c503000 rw-p 00043000 08:07 4722257                    /lib/x86_64-linux-gnu/libdbus-1.so.3.7.2
7f4d0c503000-7f4d0c515000 r-xp 00000000 08:07 401069                     /usr/lib/x86_64-linux-gnu/libp11-kit.so.0.0.0
7f4d0c515000-7f4d0c715000 ---p 00012000 08:07 401069                     /usr/lib/x86_64-linux-gnu/libp11-kit.so.0.0.0
7f4d0c715000-7f4d0c716000 r--p 00012000 08:07 401069                     /usr/lib/x86_64-linux-gnu/libp11-kit.so.0.0.0
7f4d0c716000-7f4d0c717000 rw-p 00013000 08:07 401069                     /usr/lib/x86_64-linux-gnu/libp11-kit.so.0.0.0
7f4d0c717000-7f4d0c791000 r-xp 00000000 08:07 4722199                    /lib/x86_64-linux-gnu/libgcrypt.so.11.7.0
7f4d0c791000-7f4d0c991000 ---p 0007a000 08:07 4722199                    /lib/x86_64-linux-gnu/libgcrypt.so.11.7.0
7f4d0c991000-7f4d0c992000 r--p 0007a000 08:07 4722199                    /lib/x86_64-linux-gnu/libgcrypt.so.11.7.0
7f4d0c992000-7f4d0c995000 rw-p 0007b000 08:07 4722199                    /lib/x86_64-linux-gnu/libgcrypt.so.11.7.0
7f4d0c995000-7f4d0c9a4000 r-xp 00000000 08:07 401226                     /usr/lib/x86_64-linux-gnu/libtasn1.so.3.1.16
7f4d0c9a4000-7f4d0cba4000 ---p 0000f000 08:07 401226                     /usr/lib/x86_64-linux-gnu/libtasn1.so.3.1.16
7f4d0cba4000-7f4d0cba5000 r--p 0000f000 08:07 401226                     /usr/lib/x86_64-linux-gnu/libtasn1.so.3.1.16
7f4d0cba5000-7f4d0cba6000 rw-p 00010000 08:07 401226                     /usr/lib/x86_64-linux-gnu/libtasn1.so.3.1.16
7f4d0cba6000-7f4d0cbad000 r-xp 00000000 08:07 400970                     /usr/lib/x86_64-linux-gnu/libkrb5support.so.0.1
7f4d0cbad000-7f4d0cdac000 ---p 00007000 08:07 400970                     /usr/lib/x86_64-linux-gnu/libkrb5support.so.0.1
7f4d0cdac000-7f4d0cdad000 r--p 00006000 08:07 400970                     /usr/lib/x86_64-linux-gnu/libkrb5support.so.0.1
7f4d0cdad000-7f4d0cdae000 rw-p 00007000 08:07 400970                     /usr/lib/x86_64-linux-gnu/libkrb5support.so.0.1
7f4d0cdae000-7f4d0cdb1000 r-xp 00000000 08:07 4722283                    /lib/x86_64-linux-gnu/libcom_err.so.2.1
7f4d0cdb1000-7f4d0cfb0000 ---p 00003000 08:07 4722283                    /lib/x86_64-linux-gnu/libcom_err.so.2.1
7f4d0cfb0000-7f4d0cfb1000 r--p 00002000 08:07 4722283                    /lib/x86_64-linux-gnu/libcom_err.so.2.1
7f4d0cfb1000-7f4d0cfb2000 rw-p 00003000 08:07 4722283                    /lib/x86_64-linux-gnu/libcom_err.so.2.1
7f4d0cfb2000-7f4d0cfd8000 r-xp 00000000 08:07 400962                     /usr/lib/x86_64-linux-gnu/libk5crypto.so.3.1
7f4d0cfd8000-7f4d0d1d8000 ---p 00026000 08:07 400962                     /usr/lib/x86_64-linux-gnu/libk5crypto.so.3.1
7f4d0d1d8000-7f4d0d1d9000 r--p 00026000 08:07 400962                     /usr/lib/x86_64-linux-gnu/libk5crypto.so.3.1
7f4d0d1d9000-7f4d0d1da000 rw-p 00027000 08:07 400962                     /usr/lib/x86_64-linux-gnu/libk5crypto.so.3.1
7f4d0d1da000-7f4d0d1db000 rw-p 00000000 00:00 0 
7f4d0d1db000-7f4d0d29f000 r-xp 00000000 08:07 400968                     /usr/lib/x86_64-linux-gnu/libkrb5.so.3.3
7f4d0d29f000-7f4d0d49e000 ---p 000c4000 08:07 400968                     /usr/lib/x86_64-linux-gnu/libkrb5.so.3.3
7f4d0d49e000-7f4d0d4a8000 r--p 000c3000 08:07 400968                     /usr/lib/x86_64-linux-gnu/libkrb5.so.3.3
7f4d0d4a8000-7f4d0d4a9000 rw-p 000cd000 08:07 400968                     /usr/lib/x86_64-linux-gnu/libkrb5.so.3.3
7f4d0d4a9000-7f4d0d4b1000 r-xp 00000000 08:07 395307                     /usr/lib/x86_64-linux-gnu/libxcb-render.so.0.0.0
7f4d0d4b1000-7f4d0d6b1000 ---p 00008000 08:07 395307                     /usr/lib/x86_64-linux-gnu/libxcb-render.so.0.0.0
7f4d0d6b1000-7f4d0d6b2000 r--p 00008000 08:07 395307                     /usr/lib/x86_64-linux-gnu/libxcb-render.so.0.0.0
7f4d0d6b2000-7f4d0d6b3000 rw-p 00009000 08:07 395307                     /usr/lib/x86_64-linux-gnu/libxcb-render.so.0.0.0
7f4d0d6b3000-7f4d0d6b5000 r-xp 00000000 08:07 395309                     /usr/lib/x86_64-linux-gnu/libxcb-shm.so.0.0.0
7f4d0d6b5000-7f4d0d8b4000 ---p 00002000 08:07 395309                     /usr/lib/x86_64-linux-gnu/libxcb-shm.so.0.0.0
7f4d0d8b4000-7f4d0d8b5000 r--p 00001000 08:07 395309                     /usr/lib/x86_64-linux-gnu/libxcb-shm.so.0.0.0
7f4d0d8b5000-7f4d0d8b6000 rw-p 00002000 08:07 395309                     /usr/lib/x86_64-linux-gnu/libxcb-shm.so.0.0.0
7f4d0d8b6000-7f4d0d8db000 r-xp 00000000 08:07 4722367                    /lib/x86_64-linux-gnu/libpng12.so.0.49.0
7f4d0d8db000-7f4d0dada000 ---p 00025000 08:07 4722367                    /lib/x86_64-linux-gnu/libpng12.so.0.49.0
7f4d0dada000-7f4d0dadb000 r--p 00024000 08:07 4722367                    /lib/x86_64-linux-gnu/libpng12.so.0.49.0
7f4d0dadb000-7f4d0dadc000 rw-p 00025000 08:07 4722367                    /lib/x86_64-linux-gnu/libpng12.so.0.49.0
7f4d0dadc000-7f4d0db7e000 r-xp 00000000 08:07 395304                     /usr/lib/x86_64-linux-gnu/libpixman-1.so.0.30.2
7f4d0db7e000-7f4d0dd7d000 ---p 000a2000 08:07 395304                     /usr/lib/x86_64-linux-gnu/libpixman-1.so.0.30.2
7f4d0dd7d000-7f4d0dd84000 r--p 000a1000 08:07 395304                     /usr/lib/x86_64-linux-gnu/libpixman-1.so.0.30.2
7f4d0dd84000-7f4d0dd85000 rw-p 000a8000 08:07 395304                     /usr/lib/x86_64-linux-gnu/libpixman-1.so.0.30.2
7f4d0dd85000-7f4d0dd8a000 r-xp 00000000 08:07 400425                     /usr/lib/x86_64-linux-gnu/libXdmcp.so.6.0.0
7f4d0dd8a000-7f4d0df89000 ---p 00005000 08:07 400425                     /usr/lib/x86_64-linux-gnu/libXdmcp.so.6.0.0
7f4d0df89000-7f4d0df8a000 r--p 00004000 08:07 400425                     /usr/lib/x86_64-linux-gnu/libXdmcp.so.6.0.0
7f4d0df8a000-7f4d0df8b000 rw-p 00005000 08:07 400425                     /usr/lib/x86_64-linux-gnu/libXdmcp.so.6.0.0
7f4d0df8b000-7f4d0df8d000 r-xp 00000000 08:07 400414                     /usr/lib/x86_64-linux-gnu/libXau.so.6.0.0
7f4d0df8d000-7f4d0e18d000 ---p 00002000 08:07 400414                     /usr/lib/x86_64-linux-gnu/libXau.so.6.0.0
7f4d0e18d000-7f4d0e18e000 r--p 00002000 08:07 400414                     /usr/lib/x86_64-linux-gnu/libXau.so.6.0.0
7f4d0e18e000-7f4d0e18f000 rw-p 00003000 08:07 400414                     /usr/lib/x86_64-linux-gnu/libXau.so.6.0.0
7f4d0e18f000-7f4d0e19e000 r-xp 00000000 08:07 400501                     /usr/lib/x86_64-linux-gnu/libavahi-client.so.3.2.9
7f4d0e19e000-7f4d0e39e000 ---p 0000f000 08:07 400501                     /usr/lib/x86_64-linux-gnu/libavahi-client.so.3.2.9
7f4d0e39e000-7f4d0e39f000 r--p 0000f000 08:07 400501                     /usr/lib/x86_64-linux-gnu/libavahi-client.so.3.2.9
7f4d0e39f000-7f4d0e3a0000 rw-p 00010000 08:07 400501                     /usr/lib/x86_64-linux-gnu/libavahi-client.so.3.2.9
7f4d0e3a0000-7f4d0e3ab000 r-xp 00000000 08:07 400503                     /usr/lib/x86_64-linux-gnu/libavahi-common.so.3.5.3
7f4d0e3ab000-7f4d0e5aa000 ---p 0000b000 08:07 400503                     /usr/lib/x86_64-linux-gnu/libavahi-common.so.3.5.3
7f4d0e5aa000-7f4d0e5ab000 r--p 0000a000 08:07 400503                     /usr/lib/x86_64-linux-gnu/libavahi-common.so.3.5.3
7f4d0e5ab000-7f4d0e5ac000 rw-p 0000b000 08:07 400503                     /usr/lib/x86_64-linux-gnu/libavahi-common.so.3.5.3
7f4d0e5ac000-7f4d0e660000 r-xp 00000000 08:07 395650                     /usr/lib/x86_64-linux-gnu/libgnutls.so.26.21.8
7f4d0e660000-7f4d0e860000 ---p 000b4000 08:07 395650                     /usr/lib/x86_64-linux-gnu/libgnutls.so.26.21.8
7f4d0e860000-7f4d0e866000 r--p 000b4000 08:07 395650                     /usr/lib/x86_64-linux-gnu/libgnutls.so.26.21.8
7f4d0e866000-7f4d0e867000 rw-p 000ba000 08:07 395650                     /usr/lib/x86_64-linux-gnu/libgnutls.so.26.21.8
7f4d0e867000-7f4d0e868000 rw-p 00000000 00:00 0 
7f4d0e868000-7f4d0e8a3000 r-xp 00000000 08:07 400839                     /usr/lib/x86_64-linux-gnu/libgssapi_krb5.so.2.2
7f4d0e8a3000-7f4d0eaa3000 ---p 0003b000 08:07 400839                     /usr/lib/x86_64-linux-gnu/libgssapi_krb5.so.2.2
7f4d0eaa3000-7f4d0eaa4000 r--p 0003b000 08:07 400839                     /usr/lib/x86_64-linux-gnu/libgssapi_krb5.so.2.2
7f4d0eaa4000-7f4d0eaa6000 rw-p 0003c000 08:07 400839                     /usr/lib/x86_64-linux-gnu/libgssapi_krb5.so.2.2
7f4d0eaa6000-7f4d0eae2000 r-xp 00000000 08:07 4722363                    /lib/x86_64-linux-gnu/libpcre.so.3.13.1
7f4d0eae2000-7f4d0ece1000 ---p 0003c000 08:07 4722363                    /lib/x86_64-linux-gnu/libpcre.so.3.13.1
7f4d0ece1000-7f4d0ece2000 r--p 0003b000 08:07 4722363                    /lib/x86_64-linux-gnu/libpcre.so.3.13.1
7f4d0ece2000-7f4d0ece3000 rw-p 0003c000 08:07 4722363                    /lib/x86_64-linux-gnu/libpcre.so.3.13.1
7f4d0ece3000-7f4d0ecea000 r-xp 00000000 08:07 400675                     /usr/lib/x86_64-linux-gnu/libffi.so.6.0.0
7f4d0ecea000-7f4d0eee9000 ---p 00007000 08:07 400675                     /usr/lib/x86_64-linux-gnu/libffi.so.6.0.0
7f4d0eee9000-7f4d0eeea000 r--p 00006000 08:07 400675                     /usr/lib/x86_64-linux-gnu/libffi.so.6.0.0
7f4d0eeea000-7f4d0eeeb000 rw-p 00007000 08:07 400675                     /usr/lib/x86_64-linux-gnu/libffi.so.6.0.0
7f4d0eeeb000-7f4d0ef11000 r-xp 00000000 08:07 4722296                    /lib/x86_64-linux-gnu/libexpat.so.1.6.0
7f4d0ef11000-7f4d0f111000 ---p 00026000 08:07 4722296                    /lib/x86_64-linux-gnu/libexpat.so.1.6.0
7f4d0f111000-7f4d0f113000 r--p 00026000 08:07 4722296                    /lib/x86_64-linux-gnu/libexpat.so.1.6.0
7f4d0f113000-7f4d0f114000 rw-p 00028000 08:07 4722296                    /lib/x86_64-linux-gnu/libexpat.so.1.6.0
7f4d0f114000-7f4d0f1aa000 r-xp 00000000 08:07 394291                     /usr/lib/x86_64-linux-gnu/libfreetype.so.6.9.0
7f4d0f1aa000-7f4d0f3a9000 ---p 00096000 08:07 394291                     /usr/lib/x86_64-linux-gnu/libfreetype.so.6.9.0
7f4d0f3a9000-7f4d0f3af000 r--p 00095000 08:07 394291                     /usr/lib/x86_64-linux-gnu/libfreetype.so.6.9.0
7f4d0f3af000-7f4d0f3b0000 rw-p 0009b000 08:07 394291                     /usr/lib/x86_64-linux-gnu/libfreetype.so.6.9.0
7f4d0f3b0000-7f4d0f3c8000 r-xp 00000000 08:07 4718696                    /lib/x86_64-linux-gnu/libresolv-2.15.so
7f4d0f3c8000-7f4d0f5c8000 ---p 00018000 08:07 4718696                    /lib/x86_64-linux-gnu/libresolv-2.15.so
7f4d0f5c8000-7f4d0f5c9000 r--p 00018000 08:07 4718696                    /lib/x86_64-linux-gnu/libresolv-2.15.so
7f4d0f5c9000-7f4d0f5ca000 rw-p 00019000 08:07 4718696                    /lib/x86_64-linux-gnu/libresolv-2.15.so
7f4d0f5ca000-7f4d0f5cc000 rw-p 00000000 00:00 0 
7f4d0f5cc000-7f4d0f5e9000 r-xp 00000000 08:07 4722382                    /lib/x86_64-linux-gnu/libselinux.so.1
7f4d0f5e9000-7f4d0f7e8000 ---p 0001d000 08:07 4722382                    /lib/x86_64-linux-gnu/libselinux.so.1
7f4d0f7e8000-7f4d0f7e9000 r--p 0001c000 08:07 4722382                    /lib/x86_64-linux-gnu/libselinux.so.1
7f4d0f7e9000-7f4d0f7ea000 rw-p 0001d000 08:07 4722382                    /lib/x86_64-linux-gnu/libselinux.so.1
7f4d0f7ea000-7f4d0f7eb000 rw-p 00000000 00:00 0 
7f4d0f7eb000-7f4d0f7ee000 r-xp 00000000 08:07 393669                     /usr/lib/x86_64-linux-gnu/libgmodule-2.0.so.0.3400.1
7f4d0f7ee000-7f4d0f9ed000 ---p 00003000 08:07 393669                     /usr/lib/x86_64-linux-gnu/libgmodule-2.0.so.0.3400.1
7f4d0f9ed000-7f4d0f9ee000 r--p 00002000 08:07 393669                     /usr/lib/x86_64-linux-gnu/libgmodule-2.0.so.0.3400.1
7f4d0f9ee000-7f4d0f9ef000 rw-p 00003000 08:07 393669                     /usr/lib/x86_64-linux-gnu/libgmodule-2.0.so.0.3400.1
7f4d0f9ef000-7f4d0f9f1000 r-xp 00000000 08:07 400423                     /usr/lib/x86_64-linux-gnu/libXdamage.so.1.1.0
7f4d0f9f1000-7f4d0fbf0000 ---p 00002000 08:07 400423                     /usr/lib/x86_64-linux-gnu/libXdamage.so.1.1.0
7f4d0fbf0000-7f4d0fbf1000 r--p 00001000 08:07 400423                     /usr/lib/x86_64-linux-gnu/libXdamage.so.1.1.0
7f4d0fbf1000-7f4d0fbf2000 rw-p 00002000 08:07 400423                     /usr/lib/x86_64-linux-gnu/libXdamage.so.1.1.0
7f4d0fbf2000-7f4d0fbf4000 r-xp 00000000 08:07 400419                     /usr/lib/x86_64-linux-gnu/libXcomposite.so.1.0.0
7f4d0fbf4000-7f4d0fdf3000 ---p 00002000 08:07 400419                     /usr/lib/x86_64-linux-gnu/libXcomposite.so.1.0.0
7f4d0fdf3000-7f4d0fdf4000 r--p 00001000 08:07 400419                     /usr/lib/x86_64-linux-gnu/libXcomposite.so.1.0.0
7f4d0fdf4000-7f4d0fdf5000 rw-p 00002000 08:07 400419                     /usr/lib/x86_64-linux-gnu/libXcomposite.so.1.0.0
7f4d0fdf5000-7f4d0fdfe000 r-xp 00000000 08:07 395795                     /usr/lib/x86_64-linux-gnu/libXcursor.so.1.0.2
7f4d0fdfe000-7f4d0fffe000 ---p 00009000 08:07 395795                     /usr/lib/x86_64-linux-gnu/libXcursor.so.1.0.2
7f4d0fffe000-7f4d0ffff000 r--p 00009000 08:07 395795                     /usr/lib/x86_64-linux-gnu/libXcursor.so.1.0.2
7f4d0ffff000-7f4d10000000 rw-p 0000a000 08:07 395795                     /usr/lib/x86_64-linux-gnu/libXcursor.so.1.0.2
7f4d10000000-7f4d10021000 rw-p 00000000 00:00 0 
7f4d10021000-7f4d14000000 ---p 00000000 00:00 0 
7f4d14060000-7f4d14063000 ---p 00000000 00:00 0 
7f4d14063000-7f4d14161000 rw-p 00000000 00:00 0                          [stack:6219]
7f4d14161000-7f4d1416a000 r-xp 00000000 08:07 395804                     /usr/lib/x86_64-linux-gnu/libXrandr.so.2.2.0
7f4d1416a000-7f4d14369000 ---p 00009000 08:07 395804                     /usr/lib/x86_64-linux-gnu/libXrandr.so.2.2.0
7f4d14369000-7f4d1436a000 r--p 00008000 08:07 395804                     /usr/lib/x86_64-linux-gnu/libXrandr.so.2.2.0
7f4d1436a000-7f4d1436b000 rw-p 00009000 08:07 395804                     /usr/lib/x86_64-linux-gnu/libXrandr.so.2.2.0
7f4d1436b000-7f4d1436d000 r-xp 00000000 08:07 395802                     /usr/lib/x86_64-linux-gnu/libXinerama.so.1.0.0
7f4d1436d000-7f4d1456c000 ---p 00002000 08:07 395802                     /usr/lib/x86_64-linux-gnu/libXinerama.so.1.0.0
7f4d1456c000-7f4d1456d000 r--p 00001000 08:07 395802                     /usr/lib/x86_64-linux-gnu/libXinerama.so.1.0.0
7f4d1456d000-7f4d1456e000 rw-p 00002000 08:07 395802                     /usr/lib/x86_64-linux-gnu/libXinerama.so.1.0.0
7f4d1456e000-7f4d14598000 r-xp 00000000 08:07 401081                     /usr/lib/x86_64-linux-gnu/libpangoft2-1.0.so.0.3000.1
7f4d14598000-7f4d14797000 ---p 0002a000 08:07 401081                     /usr/lib/x86_64-linux-gnu/libpangoft2-1.0.so.0.3000.1
7f4d14797000-7f4d14798000 r--p 00029000 08:07 401081                     /usr/lib/x86_64-linux-gnu/libpangoft2-1.0.so.0.3000.1
7f4d14798000-7f4d14799000 rw-p 0002a000 08:07 401081                     /usr/lib/x86_64-linux-gnu/libpangoft2-1.0.so.0.3000.1
7f4d14799000-7f4d1488b000 r-xp 00000000 08:07 395313                     /usr/lib/x86_64-linux-gnu/libcairo.so.2.11200.2
7f4d1488b000-7f4d14a8b000 ---p 000f2000 08:07 395313                     /usr/lib/x86_64-linux-gnu/libcairo.so.2.11200.2
7f4d14a8b000-7f4d14a8e000 r--p 000f2000 08:07 395313                     /usr/lib/x86_64-linux-gnu/libcairo.so.2.11200.2
7f4d14a8e000-7f4d14a8f000 rw-p 000f5000 08:07 395313                     /usr/lib/x86_64-linux-gnu/libcairo.so.2.11200.2
7f4d14a8f000-7f4d14a91000 rw-p 00000000 00:00 0 
7f4d14a91000-7f4d14ab0000 r-xp 00000000 08:07 400491                     /usr/lib/x86_64-linux-gnu/libatk-1.0.so.0.20609.1
7f4d14ab0000-7f4d14cb0000 ---p 0001f000 08:07 400491                     /usr/lib/x86_64-linux-gnu/libatk-1.0.so.0.20609.1
7f4d14cb0000-7f4d14cb2000 r--p 0001f000 08:07 400491                     /usr/lib/x86_64-linux-gnu/libatk-1.0.so.0.20609.1
7f4d14cb2000-7f4d14cb3000 rw-p 00021000 08:07 400491                     /usr/lib/x86_64-linux-gnu/libatk-1.0.so.0.20609.1
7f4d14cb3000-7f4d14cb8000 r-xp 00000000 08:07 395791                     /usr/lib/x86_64-linux-gnu/libXfixes.so.3.1.0
7f4d14cb8000-7f4d14eb7000 ---p 00005000 08:07 395791                     /usr/lib/x86_64-linux-gnu/libXfixes.so.3.1.0
7f4d14eb7000-7f4d14eb8000 r--p 00004000 08:07 395791                     /usr/lib/x86_64-linux-gnu/libXfixes.so.3.1.0
7f4d14eb8000-7f4d14eb9000 rw-p 00005000 08:07 395791                     /usr/lib/x86_64-linux-gnu/libXfixes.so.3.1.0
7f4d14eb9000-7f4d14ec4000 r-xp 00000000 08:07 401079                     /usr/lib/x86_64-linux-gnu/libpangocairo-1.0.so.0.3000.1
7f4d14ec4000-7f4d150c3000 ---p 0000b000 08:07 401079                     /usr/lib/x86_64-linux-gnu/libpangocairo-1.0.so.0.3000.1
7f4d150c3000-7f4d150c4000 r--p 0000a000 08:07 401079                     /usr/lib/x86_64-linux-gnu/libpangocairo-1.0.so.0.3000.1
7f4d150c4000-7f4d150c5000 rw-p 0000b000 08:07 401079                     /usr/lib/x86_64-linux-gnu/libpangocairo-1.0.so.0.3000.1
7f4d150c5000-7f4d150e2000 r-xp 00000000 08:07 395103                     /usr/lib/x86_64-linux-gnu/libxcb.so.1.1.0
7f4d150e2000-7f4d152e1000 ---p 0001d000 08:07 395103                     /usr/lib/x86_64-linux-gnu/libxcb.so.1.1.0
7f4d152e1000-7f4d152e2000 r--p 0001c000 08:07 395103                     /usr/lib/x86_64-linux-gnu/libxcb.so.1.1.0
7f4d152e2000-7f4d152e3000 rw-p 0001d000 08:07 395103                     /usr/lib/x86_64-linux-gnu/libxcb.so.1.1.0
7f4d152e3000-7f4d1533e000 r-xp 00000000 08:07 394159                     /usr/lib/x86_64-linux-gnu/libcups.so.2
7f4d1533e000-7f4d1553d000 ---p 0005b000 08:07 394159                     /usr/lib/x86_64-linux-gnu/libcups.so.2
7f4d1553d000-7f4d15542000 r--p 0005a000 08:07 394159                     /usr/lib/x86_64-linux-gnu/libcups.so.2
7f4d15542000-7f4d15543000 rw-p 0005f000 08:07 394159                     /usr/lib/x86_64-linux-gnu/libcups.so.2
7f4d15543000-7f4d15638000 r-xp 00000000 08:07 4722193                    /lib/x86_64-linux-gnu/libglib-2.0.so.0.3400.1
7f4d15638000-7f4d15837000 ---p 000f5000 08:07 4722193                    /lib/x86_64-linux-gnu/libglib-2.0.so.0.3400.1
7f4d15837000-7f4d15838000 r--p 000f4000 08:07 4722193                    /lib/x86_64-linux-gnu/libglib-2.0.so.0.3400.1
7f4d15838000-7f4d15839000 rw-p 000f5000 08:07 4722193                    /lib/x86_64-linux-gnu/libglib-2.0.so.0.3400.1
7f4d15839000-7f4d1583a000 rw-p 00000000 00:00 0 
7f4d1583a000-7f4d1583b000 r-xp 00000000 08:07 393694                     /usr/lib/x86_64-linux-gnu/libgthread-2.0.so.0.3400.1
7f4d1583b000-7f4d15a3a000 ---p 00001000 08:07 393694                     /usr/lib/x86_64-linux-gnu/libgthread-2.0.so.0.3400.1
7f4d15a3a000-7f4d15a3b000 r--p 00000000 08:07 393694                     /usr/lib/x86_64-linux-gnu/libgthread-2.0.so.0.3400.1
7f4d15a3b000-7f4d15a3c000 rw-p 00001000 08:07 393694                     /usr/lib/x86_64-linux-gnu/libgthread-2.0.so.0.3400.1
7f4d15a3c000-7f4d15a89000 r-xp 00000000 08:07 393636                     /usr/lib/x86_64-linux-gnu/libgobject-2.0.so.0.3400.1
7f4d15a89000-7f4d15c89000 ---p 0004d000 08:07 393636                     /usr/lib/x86_64-linux-gnu/libgobject-2.0.so.0.3400.1
7f4d15c89000-7f4d15c8a000 r--p 0004d000 08:07 393636                     /usr/lib/x86_64-linux-gnu/libgobject-2.0.so.0.3400.1
7f4d15c8a000-7f4d15c8b000 rw-p 0004e000 08:07 393636                     /usr/lib/x86_64-linux-gnu/libgobject-2.0.so.0.3400.1
7f4d15c8b000-7f4d15cc2000 r-xp 00000000 08:07 400713                     /usr/lib/x86_64-linux-gnu/libfontconfig.so.1.6.2
7f4d15cc2000-7f4d15ec2000 ---p 00037000 08:07 400713                     /usr/lib/x86_64-linux-gnu/libfontconfig.so.1.6.2
7f4d15ec2000-7f4d15ec3000 r--p 00037000 08:07 400713                     /usr/lib/x86_64-linux-gnu/libfontconfig.so.1.6.2
7f4d15ec3000-7f4d15ec4000 rw-p 00038000 08:07 400713                     /usr/lib/x86_64-linux-gnu/libfontconfig.so.1.6.2
7f4d15ec4000-7f4d15ec5000 rw-p 00000000 00:00 0 
7f4d15ec5000-7f4d15f0c000 r-xp 00000000 08:07 401077                     /usr/lib/x86_64-linux-gnu/libpango-1.0.so.0.3000.1
7f4d15f0c000-7f4d1610b000 ---p 00047000 08:07 401077                     /usr/lib/x86_64-linux-gnu/libpango-1.0.so.0.3000.1
7f4d1610b000-7f4d1610d000 r--p 00046000 08:07 401077                     /usr/lib/x86_64-linux-gnu/libpango-1.0.so.0.3000.1
7f4d1610d000-7f4d1610e000 rw-p 00048000 08:07 401077                     /usr/lib/x86_64-linux-gnu/libpango-1.0.so.0.3000.1
7f4d1610e000-7f4d1612c000 r-xp 00000000 08:07 400766                     /usr/lib/x86_64-linux-gnu/libgdk_pixbuf-2.0.so.0.2600.4
7f4d1612c000-7f4d1632b000 ---p 0001e000 08:07 400766                     /usr/lib/x86_64-linux-gnu/libgdk_pixbuf-2.0.so.0.2600.4
7f4d1632b000-7f4d1632c000 r--p 0001d000 08:07 400766                     /usr/lib/x86_64-linux-gnu/libgdk_pixbuf-2.0.so.0.2600.4
7f4d1632c000-7f4d1632d000 rw-p 0001e000 08:07 400766                     /usr/lib/x86_64-linux-gnu/libgdk_pixbuf-2.0.so.0.2600.4
7f4d1632d000-7f4d1647b000 r-xp 00000000 08:07 395070                     /usr/lib/x86_64-linux-gnu/libgio-2.0.so.0.3400.1
7f4d1647b000-7f4d1667a000 ---p 0014e000 08:07 395070                     /usr/lib/x86_64-linux-gnu/libgio-2.0.so.0.3400.1
7f4d1667a000-7f4d1667e000 r--p 0014d000 08:07 395070                     /usr/lib/x86_64-linux-gnu/libgio-2.0.so.0.3400.1
7f4d1667e000-7f4d16680000 rw-p 00151000 08:07 395070                     /usr/lib/x86_64-linux-gnu/libgio-2.0.so.0.3400.1
7f4d16680000-7f4d16682000 rw-p 00000000 00:00 0 
7f4d16682000-7f4d1672f000 r-xp 00000000 08:07 400764                     /usr/lib/x86_64-linux-gnu/libgdk-x11-2.0.so.0.2400.13
7f4d1672f000-7f4d1692e000 ---p 000ad000 08:07 400764                     /usr/lib/x86_64-linux-gnu/libgdk-x11-2.0.so.0.2400.13
7f4d1692e000-7f4d16932000 r--p 000ac000 08:07 400764                     /usr/lib/x86_64-linux-gnu/libgdk-x11-2.0.so.0.2400.13
7f4d16932000-7f4d16934000 rw-p 000b0000 08:07 400764                     /usr/lib/x86_64-linux-gnu/libgdk-x11-2.0.so.0.2400.13
7f4d16934000-7f4d16d61000 r-xp 00000000 08:07 400893                     /usr/lib/x86_64-linux-gnu/libgtk-x11-2.0.so.0.2400.13
7f4d16d61000-7f4d16f60000 ---p 0042d000 08:07 400893                     /usr/lib/x86_64-linux-gnu/libgtk-x11-2.0.so.0.2400.13
7f4d16f60000-7f4d16f67000 r--p 0042c000 08:07 400893                     /usr/lib/x86_64-linux-gnu/libgtk-x11-2.0.so.0.2400.13
7f4d16f67000-7f4d16f6b000 rw-p 00433000 08:07 400893                     /usr/lib/x86_64-linux-gnu/libgtk-x11-2.0.so.0.2400.13
7f4d16f6b000-7f4d16f6d000 rw-p 00000000 00:00 0 
7f4d16f6d000-7f4d16f7b000 r-xp 00000000 08:07 395800                     /usr/lib/x86_64-linux-gnu/libXi.so.6.1.0
7f4d16f7b000-7f4d1717a000 ---p 0000e000 08:07 395800                     /usr/lib/x86_64-linux-gnu/libXi.so.6.1.0
7f4d1717a000-7f4d1717b000 r--p 0000d000 08:07 395800                     /usr/lib/x86_64-linux-gnu/libXi.so.6.1.0
7f4d1717b000-7f4d1717c000 rw-p 0000e000 08:07 395800                     /usr/lib/x86_64-linux-gnu/libXi.so.6.1.0
7f4d1717c000-7f4d17181000 r-xp 00000000 08:07 395808                     /usr/lib/x86_64-linux-gnu/libXtst.so.6.1.0
7f4d17181000-7f4d17380000 ---p 00005000 08:07 395808                     /usr/lib/x86_64-linux-gnu/libXtst.so.6.1.0
7f4d17380000-7f4d17381000 r--p 00004000 08:07 395808                     /usr/lib/x86_64-linux-gnu/libXtst.so.6.1.0
7f4d17381000-7f4d17382000 rw-p 00005000 08:07 395808                     /usr/lib/x86_64-linux-gnu/libXtst.so.6.1.0
7f4d17382000-7f4d1738b000 r-xp 00000000 08:07 395311                     /usr/lib/x86_64-linux-gnu/libXrender.so.1.3.0
7f4d1738b000-7f4d1758a000 ---p 00009000 08:07 395311                     /usr/lib/x86_64-linux-gnu/libXrender.so.1.3.0
7f4d1758a000-7f4d1758b000 r--p 00008000 08:07 395311                     /usr/lib/x86_64-linux-gnu/libXrender.so.1.3.0
7f4d1758b000-7f4d1758c000 rw-p 00009000 08:07 395311                     /usr/lib/x86_64-linux-gnu/libXrender.so.1.3.0
7f4d1758c000-7f4d176c0000 r-xp 00000000 08:07 395105                     /usr/lib/x86_64-linux-gnu/libX11.so.6.3.0
7f4d176c0000-7f4d178c0000 ---p 00134000 08:07 395105                     /usr/lib/x86_64-linux-gnu/libX11.so.6.3.0
7f4d178c0000-7f4d178c1000 r--p 00134000 08:07 395105                     /usr/lib/x86_64-linux-gnu/libX11.so.6.3.0
7f4d178c1000-7f4d178c6000 rw-p 00135000 08:07 395105                     /usr/lib/x86_64-linux-gnu/libX11.so.6.3.0
7f4d178c6000-7f4d178d7000 r-xp 00000000 08:07 395798                     /usr/lib/x86_64-linux-gnu/libXext.so.6.4.0
7f4d178d7000-7f4d17ad6000 ---p 00011000 08:07 395798                     /usr/lib/x86_64-linux-gnu/libXext.so.6.4.0
7f4d17ad6000-7f4d17ad7000 r--p 00010000 08:07 395798                     /usr/lib/x86_64-linux-gnu/libXext.so.6.4.0
7f4d17ad7000-7f4d17ad8000 rw-p 00011000 08:07 395798                     /usr/lib/x86_64-linux-gnu/libXext.so.6.4.0
7f4d17ad8000-7f4d17b2b000 r-xp 00000000 08:07 526975                     /usr/lib/jvm/java-7-openjdk-amd64/jre/lib/amd64/xawt/libmawt.so
7f4d17b2b000-7f4d17d2a000 ---p 00053000 08:07 526975                     /usr/lib/jvm/java-7-openjdk-amd64/jre/lib/amd64/xawt/libmawt.so
7f4d17d2a000-7f4d17d2b000 r--p 00052000 08:07 526975                     /usr/lib/jvm/java-7-openjdk-amd64/jre/lib/amd64/xawt/libmawt.so
7f4d17d2b000-7f4d17d2e000 rw-p 00053000 08:07 526975                     /usr/lib/jvm/java-7-openjdk-amd64/jre/lib/amd64/xawt/libmawt.so
7f4d17d2e000-7f4d17d2f000 rw-p 00000000 00:00 0 
7f4d17d2f000-7f4d17dd0000 r-xp 00000000 08:07 527015                     /usr/lib/jvm/java-7-openjdk-amd64/jre/lib/amd64/libawt.so
7f4d17dd0000-7f4d17fcf000 ---p 000a1000 08:07 527015                     /usr/lib/jvm/java-7-openjdk-amd64/jre/lib/amd64/libawt.so
7f4d17fcf000-7f4d17fd0000 r--p 000a0000 08:07 527015                     /usr/lib/jvm/java-7-openjdk-amd64/jre/lib/amd64/libawt.so
7f4d17fd0000-7f4d17fdb000 rw-p 000a1000 08:07 527015                     /usr/lib/jvm/java-7-openjdk-amd64/jre/lib/amd64/libawt.so
7f4d17fdb000-7f4d18000000 rw-p 00000000 00:00 0 
7f4d18000000-7f4d18021000 rw-p 00000000 00:00 0 
7f4d18021000-7f4d1c000000 ---p 00000000 00:00 0 
7f4d1c034000-7f4d1c037000 ---p 00000000 00:00 0 
7f4d1c037000-7f4d1c135000 rw-p 00000000 00:00 0                          [stack:6218]
7f4d1c135000-7f4d1c136000 r--s 0058b000 08:07 4600845                    /home/david/NetBeansProjects/projetG2/JARs/JAR Cam/opencv-2.4.8-linux-x86_64.jar
7f4d1c136000-7f4d1c137000 r--s 00545000 08:07 4600837                    /home/david/NetBeansProjects/projetG2/JARs/JAR Cam/ffmpeg-2.1.1-linux-x86.jar
7f4d1c137000-7f4d1c155000 r--s 00293000 08:07 4600842                    /home/david/NetBeansProjects/projetG2/JARs/pixelmed.jar
7f4d1c155000-7f4d1c16e000 r--s 00101000 08:07 4600840                    /home/david/NetBeansProjects/projetG2/JARs/JAR Cam/javacv.jar
7f4d1c16e000-7f4d1c170000 r--s 001cf000 08:07 4600839                    /home/david/NetBeansProjects/projetG2/JARs/JAR Cam/javacv-linux-x86_64.jar
7f4d1c170000-7f4d1c174000 r--s 00024000 08:07 4600838                    /home/david/NetBeansProjects/projetG2/JARs/JAR Cam/javacpp.jar
7f4d1c174000-7f4d1c175000 r--s 00002000 08:07 5384627                    /home/david/NetBeansProjects/projetG2/JARs/JAR dcmMWL/dcm4che-2.0.26/lib/slf4j-log4j12-1.6.1.jar
7f4d1c175000-7f4d1c177000 r--s 00005000 08:07 5384626                    /home/david/NetBeansProjects/projetG2/JARs/JAR dcmMWL/dcm4che-2.0.26/lib/slf4j-api-1.6.1.jar
7f4d1c177000-7f4d1c180000 r--s 0006d000 08:07 5384625                    /home/david/NetBeansProjects/projetG2/JARs/JAR dcmMWL/dcm4che-2.0.26/lib/log4j-1.2.16.jar
7f4d1c180000-7f4d1c181000 r--s 00003000 08:07 5384611                    /home/david/NetBeansProjects/projetG2/JARs/JAR dcmMWL/dcm4che-2.0.26/lib/dcm4che-tool-dcmmwl-2.0.26.jar
7f4d1c181000-7f4d1c184000 r--s 0001a000 08:07 5384600                    /home/david/NetBeansProjects/projetG2/JARs/JAR dcmMWL/dcm4che-2.0.26/lib/dcm4che-net-2.0.26.jar
7f4d1c184000-7f4d1c189000 r--s 00058000 08:07 5384593                    /home/david/NetBeansProjects/projetG2/JARs/JAR dcmMWL/dcm4che-2.0.26/lib/dcm4che-core-2.0.26.jar
7f4d1c189000-7f4d1c18a000 r--s 00005000 08:07 4600417                    /home/david/NetBeansProjects/projetG2/JARs/JAR dcmMWL/dcm4che-tool-dcmof-2.0.25.jar
7f4d1c18a000-7f4d1c18b000 r--s 00003000 08:07 4600414                    /home/david/NetBeansProjects/projetG2/JARs/JAR dcmMWL/dcm4che-tool-dcmmwl-2.0.21.jar
7f4d1c18b000-7f4d1c18c000 r--s 00001000 08:07 5111954                    /home/david/NetBeansProjects/projetG2/JARs/JAR dcmMWL/dcm4che-tool-dcm2txt-2.0.25.jar.zip
7f4d1c18c000-7f4d1c18d000 r--s 00001000 08:07 4600844                    /home/david/NetBeansProjects/projetG2/JARs/JAR dcmMWL/dcm4che-tool-dcm2txt-2.0.25.jar
7f4d1c18d000-7f4d1c190000 r--s 0001a000 08:07 5112114                    /home/david/NetBeansProjects/projetG2/JARs/JAR dcmMWL/dcm4che-net-2.0.24.jar
7f4d1c190000-7f4d1c194000 r--s 0004c000 08:07 5112096                    /home/david/NetBeansProjects/projetG2/JARs/JAR dcmMWL/dcm4che-core-2.0.25.jar
7f4d1c194000-7f4d1c199000 r--s 001ac000 08:07 4869840                    /home/david/NetBeansProjects/projetG2/JARs/EID_Jar/jEidlib_1.1.jar
7f4d1c199000-7f4d1c19b000 r--s 0000f000 08:07 527001                     /usr/lib/jvm/java-7-openjdk-amd64/jre/lib/ext/pulse-java.jar
7f4d1c19b000-7f4d1c19d000 r--s 00006000 08:07 922982                     /usr/share/java/java-atk-wrapper.jar
7f4d1c19d000-7f4d1c1a1000 r--s 0003b000 08:07 527002                     /usr/lib/jvm/java-7-openjdk-amd64/jre/lib/ext/sunpkcs11.jar
7f4d1c1a1000-7f4d1c1a3000 r--s 00012000 08:07 527003                     /usr/lib/jvm/java-7-openjdk-amd64/jre/lib/ext/zipfs.jar
7f4d1c1a3000-7f4d1c1a4000 r--s 00002000 08:07 527004                     /usr/lib/jvm/java-7-openjdk-amd64/jre/lib/ext/dnsns.jar
7f4d1c1a4000-7f4d1c1a8000 r--s 00085000 08:07 527005                     /usr/lib/jvm/java-7-openjdk-amd64/jre/lib/ext/localedata.jar
7f4d1c1a8000-7f4d1c1ab000 r--s 00032000 08:07 527000                     /usr/lib/jvm/java-7-openjdk-amd64/jre/lib/ext/sunjce_provider.jar
7f4d1c1ab000-7f4d1c1ac000 ---p 00000000 00:00 0 
7f4d1c1ac000-7f4d1c2ac000 rw-p 00000000 00:00 0                          [stack:6217]
7f4d1c2ac000-7f4d1c2af000 ---p 00000000 00:00 0 
7f4d1c2af000-7f4d1c3ad000 rw-p 00000000 00:00 0                          [stack:6216]
7f4d1c3ad000-7f4d1c3b0000 ---p 00000000 00:00 0 
7f4d1c3b0000-7f4d1c4ae000 rw-p 00000000 00:00 0                          [stack:6214]
7f4d1c4ae000-7f4d1c4b1000 ---p 00000000 00:00 0 
7f4d1c4b1000-7f4d1c5af000 rw-p 00000000 00:00 0                          [stack:6213]
7f4d1c5af000-7f4d1cc90000 r--p 00000000 08:07 399262                     /usr/lib/locale/locale-archive
7f4d1cc90000-7f4d20000000 rw-p 00000000 00:00 0 
7f4d20000000-7f4d20021000 rw-p 00000000 00:00 0 
7f4d20021000-7f4d24000000 ---p 00000000 00:00 0 
7f4d2404c000-7f4d2404f000 ---p 00000000 00:00 0 
7f4d2404f000-7f4d2414d000 rw-p 00000000 00:00 0                          [stack:6215]
7f4d2414d000-7f4d24150000 ---p 00000000 00:00 0 
7f4d24150000-7f4d2424e000 rw-p 00000000 00:00 0                          [stack:6212]
7f4d2424e000-7f4d24251000 ---p 00000000 00:00 0 
7f4d24251000-7f4d2434f000 rw-p 00000000 00:00 0                          [stack:6211]
7f4d2434f000-7f4d24350000 ---p 00000000 00:00 0 
7f4d24350000-7f4d25000000 rw-p 00000000 00:00 0                          [stack:6210]
7f4d25000000-7f4d25270000 rwxp 00000000 00:00 0 
7f4d25270000-7f4d283db000 rw-p 00000000 00:00 0 
7f4d283db000-7f4d2c000000 ---p 00000000 00:00 0 
7f4d2c056000-7f4d2c4d4000 rw-p 00000000 00:00 0 
7f4d2c4d4000-7f4d2c682000 r--s 01cfc000 08:07 525067                     /usr/lib/jvm/java-7-openjdk-amd64/jre/lib/rt.jar
7f4d2c682000-7f4d2cab2000 rw-p 00000000 00:00 0 
7f4d2cab2000-7f4d2cab3000 ---p 00000000 00:00 0 
7f4d2cab3000-7f4d2cbb3000 rw-p 00000000 00:00 0                          [stack:6209]
7f4d2cbb3000-7f4d2cbb4000 ---p 00000000 00:00 0 
7f4d2cbb4000-7f4d2ccb4000 rw-p 00000000 00:00 0                          [stack:6208]
7f4d2ccb4000-7f4d2ccb5000 ---p 00000000 00:00 0 
7f4d2ccb5000-7f4d2cdb5000 rw-p 00000000 00:00 0                          [stack:6207]
7f4d2cdb5000-7f4d2cdb6000 ---p 00000000 00:00 0 
7f4d2cdb6000-7f4d2cec1000 rw-p 00000000 00:00 0                          [stack:6206]
7f4d2cec1000-7f4d2cf09000 rw-p 00000000 00:00 0 
7f4d2cf09000-7f4d2cf28000 rw-p 00000000 00:00 0 
7f4d2cf28000-7f4d2d0f7000 rw-p 00000000 00:00 0 
7f4d2d0f7000-7f4d2d102000 rw-p 00000000 00:00 0 
7f4d2d102000-7f4d2d14a000 rw-p 00000000 00:00 0 
7f4d2d14a000-7f4d2d169000 rw-p 00000000 00:00 0 
7f4d2d169000-7f4d2d337000 rw-p 00000000 00:00 0 
7f4d2d337000-7f4d2d347000 rw-p 00000000 00:00 0 
7f4d2d347000-7f4d2d42e000 rw-p 00000000 00:00 0 
7f4d2d42e000-7f4d2d42f000 rw-p 00000000 00:00 0 
7f4d2d42f000-7f4d2d437000 r-xp 00000000 08:07 527010                     /usr/lib/jvm/java-7-openjdk-amd64/jre/lib/amd64/libzip.so
7f4d2d437000-7f4d2d636000 ---p 00008000 08:07 527010                     /usr/lib/jvm/java-7-openjdk-amd64/jre/lib/amd64/libzip.so
7f4d2d636000-7f4d2d637000 r--p 00007000 08:07 527010                     /usr/lib/jvm/java-7-openjdk-amd64/jre/lib/amd64/libzip.so
7f4d2d637000-7f4d2d638000 rw-p 00008000 08:07 527010                     /usr/lib/jvm/java-7-openjdk-amd64/jre/lib/amd64/libzip.so
7f4d2d638000-7f4d2d644000 r-xp 00000000 08:07 4718692                    /lib/x86_64-linux-gnu/libnss_files-2.15.so
7f4d2d644000-7f4d2d843000 ---p 0000c000 08:07 4718692                    /lib/x86_64-linux-gnu/libnss_files-2.15.so
7f4d2d843000-7f4d2d844000 r--p 0000b000 08:07 4718692                    /lib/x86_64-linux-gnu/libnss_files-2.15.so
7f4d2d844000-7f4d2d845000 rw-p 0000c000 08:07 4718692                    /lib/x86_64-linux-gnu/libnss_files-2.15.so
7f4d2d845000-7f4d2d84f000 r-xp 00000000 08:07 4718596                    /lib/x86_64-linux-gnu/libnss_nis-2.15.so
7f4d2d84f000-7f4d2da4f000 ---p 0000a000 08:07 4718596                    /lib/x86_64-linux-gnu/libnss_nis-2.15.so
7f4d2da4f000-7f4d2da50000 r--p 0000a000 08:07 4718596                    /lib/x86_64-linux-gnu/libnss_nis-2.15.so
7f4d2da50000-7f4d2da51000 rw-p 0000b000 08:07 4718596                    /lib/x86_64-linux-gnu/libnss_nis-2.15.so
7f4d2da51000-7f4d2da68000 r-xp 00000000 08:07 4718702                    /lib/x86_64-linux-gnu/libnsl-2.15.so
7f4d2da68000-7f4d2dc67000 ---p 00017000 08:07 4718702                    /lib/x86_64-linux-gnu/libnsl-2.15.so
7f4d2dc67000-7f4d2dc68000 r--p 00016000 08:07 4718702                    /lib/x86_64-linux-gnu/libnsl-2.15.so
7f4d2dc68000-7f4d2dc69000 rw-p 00017000 08:07 4718702                    /lib/x86_64-linux-gnu/libnsl-2.15.so
7f4d2dc69000-7f4d2dc6b000 rw-p 00000000 00:00 0 
7f4d2dc6b000-7f4d2dc73000 r-xp 00000000 08:07 4718706                    /lib/x86_64-linux-gnu/libnss_compat-2.15.so
7f4d2dc73000-7f4d2de72000 ---p 00008000 08:07 4718706                    /lib/x86_64-linux-gnu/libnss_compat-2.15.so
7f4d2de72000-7f4d2de73000 r--p 00007000 08:07 4718706                    /lib/x86_64-linux-gnu/libnss_compat-2.15.so
7f4d2de73000-7f4d2de74000 rw-p 00008000 08:07 4718706                    /lib/x86_64-linux-gnu/libnss_compat-2.15.so
7f4d2de74000-7f4d2de9f000 r-xp 00000000 08:07 527009                     /usr/lib/jvm/java-7-openjdk-amd64/jre/lib/amd64/libjava.so
7f4d2de9f000-7f4d2e09e000 ---p 0002b000 08:07 527009                     /usr/lib/jvm/java-7-openjdk-amd64/jre/lib/amd64/libjava.so
7f4d2e09e000-7f4d2e09f000 r--p 0002a000 08:07 527009                     /usr/lib/jvm/java-7-openjdk-amd64/jre/lib/amd64/libjava.so
7f4d2e09f000-7f4d2e0a1000 rw-p 0002b000 08:07 527009                     /usr/lib/jvm/java-7-openjdk-amd64/jre/lib/amd64/libjava.so
7f4d2e0a1000-7f4d2e0b0000 r-xp 00000000 08:07 527128                     /usr/lib/jvm/java-7-openjdk-amd64/jre/lib/amd64/libverify.so
7f4d2e0b0000-7f4d2e2af000 ---p 0000f000 08:07 527128                     /usr/lib/jvm/java-7-openjdk-amd64/jre/lib/amd64/libverify.so
7f4d2e2af000-7f4d2e2b1000 r--p 0000e000 08:07 527128                     /usr/lib/jvm/java-7-openjdk-amd64/jre/lib/amd64/libverify.so
7f4d2e2b1000-7f4d2e2b2000 rw-p 00010000 08:07 527128                     /usr/lib/jvm/java-7-openjdk-amd64/jre/lib/amd64/libverify.so
7f4d2e2b2000-7f4d2e2b9000 r-xp 00000000 08:07 4718694                    /lib/x86_64-linux-gnu/librt-2.15.so
7f4d2e2b9000-7f4d2e4b8000 ---p 00007000 08:07 4718694                    /lib/x86_64-linux-gnu/librt-2.15.so
7f4d2e4b8000-7f4d2e4b9000 r--p 00006000 08:07 4718694                    /lib/x86_64-linux-gnu/librt-2.15.so
7f4d2e4b9000-7f4d2e4ba000 rw-p 00007000 08:07 4718694                    /lib/x86_64-linux-gnu/librt-2.15.so
7f4d2e4ba000-7f4d2e4cf000 r-xp 00000000 08:07 4722301                    /lib/x86_64-linux-gnu/libgcc_s.so.1
7f4d2e4cf000-7f4d2e6ce000 ---p 00015000 08:07 4722301                    /lib/x86_64-linux-gnu/libgcc_s.so.1
7f4d2e6ce000-7f4d2e6cf000 r--p 00014000 08:07 4722301                    /lib/x86_64-linux-gnu/libgcc_s.so.1
7f4d2e6cf000-7f4d2e6d0000 rw-p 00015000 08:07 4722301                    /lib/x86_64-linux-gnu/libgcc_s.so.1
7f4d2e6d0000-7f4d2e7cb000 r-xp 00000000 08:07 4718703                    /lib/x86_64-linux-gnu/libm-2.15.so
7f4d2e7cb000-7f4d2e9ca000 ---p 000fb000 08:07 4718703                    /lib/x86_64-linux-gnu/libm-2.15.so
7f4d2e9ca000-7f4d2e9cb000 r--p 000fa000 08:07 4718703                    /lib/x86_64-linux-gnu/libm-2.15.so
7f4d2e9cb000-7f4d2e9cc000 rw-p 000fb000 08:07 4718703                    /lib/x86_64-linux-gnu/libm-2.15.so
7f4d2e9cc000-7f4d2eab1000 r-xp 00000000 08:07 401214                     /usr/lib/x86_64-linux-gnu/libstdc++.so.6.0.17
7f4d2eab1000-7f4d2ecb0000 ---p 000e5000 08:07 401214                     /usr/lib/x86_64-linux-gnu/libstdc++.so.6.0.17
7f4d2ecb0000-7f4d2ecb8000 r--p 000e4000 08:07 401214                     /usr/lib/x86_64-linux-gnu/libstdc++.so.6.0.17
7f4d2ecb8000-7f4d2ecba000 rw-p 000ec000 08:07 401214                     /usr/lib/x86_64-linux-gnu/libstdc++.so.6.0.17
7f4d2ecba000-7f4d2eccf000 rw-p 00000000 00:00 0 
7f4d2eccf000-7f4d2f796000 r-xp 00000000 08:07 527025                     /usr/lib/jvm/java-7-openjdk-amd64/jre/lib/amd64/server/libjvm.so
7f4d2f796000-7f4d2f996000 ---p 00ac7000 08:07 527025                     /usr/lib/jvm/java-7-openjdk-amd64/jre/lib/amd64/server/libjvm.so
7f4d2f996000-7f4d2fa2e000 r--p 00ac7000 08:07 527025                     /usr/lib/jvm/java-7-openjdk-amd64/jre/lib/amd64/server/libjvm.so
7f4d2fa2e000-7f4d2fa51000 rw-p 00b5f000 08:07 527025                     /usr/lib/jvm/java-7-openjdk-amd64/jre/lib/amd64/server/libjvm.so
7f4d2fa51000-7f4d2fa7e000 rw-p 00000000 00:00 0 
7f4d2fa7e000-7f4d2fa94000 r-xp 00000000 08:07 4722410                    /lib/x86_64-linux-gnu/libz.so.1.2.7
7f4d2fa94000-7f4d2fc93000 ---p 00016000 08:07 4722410                    /lib/x86_64-linux-gnu/libz.so.1.2.7
7f4d2fc93000-7f4d2fc94000 r--p 00015000 08:07 4722410                    /lib/x86_64-linux-gnu/libz.so.1.2.7
7f4d2fc94000-7f4d2fc95000 rw-p 00016000 08:07 4722410                    /lib/x86_64-linux-gnu/libz.so.1.2.7
7f4d2fc95000-7f4d2fcad000 r-xp 00000000 08:07 4718614                    /lib/x86_64-linux-gnu/libpthread-2.15.so
7f4d2fcad000-7f4d2feac000 ---p 00018000 08:07 4718614                    /lib/x86_64-linux-gnu/libpthread-2.15.so
7f4d2feac000-7f4d2fead000 r--p 00017000 08:07 4718614                    /lib/x86_64-linux-gnu/libpthread-2.15.so
7f4d2fead000-7f4d2feae000 rw-p 00018000 08:07 4718614                    /lib/x86_64-linux-gnu/libpthread-2.15.so
7f4d2feae000-7f4d2feb2000 rw-p 00000000 00:00 0 
7f4d2feb2000-7f4d2feb4000 r-xp 00000000 08:07 4718705                    /lib/x86_64-linux-gnu/libdl-2.15.so
7f4d2feb4000-7f4d300b4000 ---p 00002000 08:07 4718705                    /lib/x86_64-linux-gnu/libdl-2.15.so
7f4d300b4000-7f4d300b5000 r--p 00002000 08:07 4718705                    /lib/x86_64-linux-gnu/libdl-2.15.so
7f4d300b5000-7f4d300b6000 rw-p 00003000 08:07 4718705                    /lib/x86_64-linux-gnu/libdl-2.15.so
7f4d300b6000-7f4d3026b000 r-xp 00000000 08:07 4722183                    /lib/x86_64-linux-gnu/libc-2.15.so
7f4d3026b000-7f4d3046b000 ---p 001b5000 08:07 4722183                    /lib/x86_64-linux-gnu/libc-2.15.so
7f4d3046b000-7f4d3046f000 r--p 001b5000 08:07 4722183                    /lib/x86_64-linux-gnu/libc-2.15.so
7f4d3046f000-7f4d30471000 rw-p 001b9000 08:07 4722183                    /lib/x86_64-linux-gnu/libc-2.15.so
7f4d30471000-7f4d30476000 rw-p 00000000 00:00 0 
7f4d3048a000-7f4d30491000 r--s 00000000 08:07 925222                     /usr/lib/x86_64-linux-gnu/gconv/gconv-modules.cache
7f4d30491000-7f4d3049e000 r-xp 00000000 08:07 527131                     /usr/lib/jvm/java-7-openjdk-amd64/jre/lib/amd64/jli/libjli.so
7f4d3049e000-7f4d3069d000 ---p 0000d000 08:07 527131                     /usr/lib/jvm/java-7-openjdk-amd64/jre/lib/amd64/jli/libjli.so
7f4d3069d000-7f4d3069e000 r--p 0000c000 08:07 527131                     /usr/lib/jvm/java-7-openjdk-amd64/jre/lib/amd64/jli/libjli.so
7f4d3069e000-7f4d3069f000 rw-p 0000d000 08:07 527131                     /usr/lib/jvm/java-7-openjdk-amd64/jre/lib/amd64/jli/libjli.so
7f4d3069f000-7f4d306c1000 r-xp 00000000 08:07 4718695                    /lib/x86_64-linux-gnu/ld-2.15.so
7f4d306c5000-7f4d306ce000 r--s 000b9000 08:07 527006                     /usr/lib/jvm/java-7-openjdk-amd64/jre/lib/resources.jar
7f4d306ce000-7f4d306f9000 rw-p 00000000 00:00 0 
7f4d306f9000-7f4d307af000 rw-p 00000000 00:00 0 
7f4d307af000-7f4d307b7000 rw-s 00000000 08:07 5111959                    /tmp/hsperfdata_david/6200
7f4d307b7000-7f4d307b8000 rw-p 00000000 00:00 0 
7f4d307b8000-7f4d307b9000 r--p 00000000 00:00 0 
7f4d307b9000-7f4d307bc000 ---p 00000000 00:00 0 
7f4d307bc000-7f4d308c1000 rw-p 00000000 00:00 0                          [stack:6205]
7f4d308c1000-7f4d308c2000 r--p 00022000 08:07 4718695                    /lib/x86_64-linux-gnu/ld-2.15.so
7f4d308c2000-7f4d308c4000 rw-p 00023000 08:07 4718695                    /lib/x86_64-linux-gnu/ld-2.15.so
7ffffa70a000-7ffffa72b000 rw-p 00000000 00:00 0                          [stack]
7ffffa7ff000-7ffffa800000 r-xp 00000000 00:00 0                          [vdso]
ffffffffff600000-ffffffffff601000 r-xp 00000000 00:00 0                  [vsyscall]

VM Arguments:
jvm_args: -Dfile.encoding=UTF-8 
java_command: projetg2.ProjetG2
Launcher Type: SUN_STANDARD

Environment Variables:
PATH=/usr/local/sbin:/usr/local/bin:/usr/sbin:/usr/bin:/sbin:/bin:/usr/games:/usr/local/games
USERNAME=david
SHELL=/bin/bash
DISPLAY=:0.0

Signal Handlers:
SIGSEGV: [libjvm.so+0x8f8490], sa_mask[0]=0x7ffbfeff, sa_flags=0x10000004
SIGBUS: [libjvm.so+0x8f8490], sa_mask[0]=0x7ffbfeff, sa_flags=0x10000004
SIGFPE: [libjvm.so+0x7818e0], sa_mask[0]=0x7ffbfeff, sa_flags=0x10000004
SIGPIPE: [libjvm.so+0x7818e0], sa_mask[0]=0x7ffbfeff, sa_flags=0x10000004
SIGXFSZ: [libjvm.so+0x7818e0], sa_mask[0]=0x7ffbfeff, sa_flags=0x10000004
SIGILL: [libjvm.so+0x7818e0], sa_mask[0]=0x7ffbfeff, sa_flags=0x10000004
SIGUSR1: SIG_DFL, sa_mask[0]=0x00000000, sa_flags=0x00000000
SIGUSR2: [libjvm.so+0x781bd0], sa_mask[0]=0x00000004, sa_flags=0x10000004
SIGHUP: [libjvm.so+0x781d40], sa_mask[0]=0x7ffbfeff, sa_flags=0x10000004
SIGINT: SIG_IGN, sa_mask[0]=0x00000000, sa_flags=0x00000000
SIGTERM: [libjvm.so+0x781d40], sa_mask[0]=0x7ffbfeff, sa_flags=0x10000004
SIGQUIT: [libjvm.so+0x781d40], sa_mask[0]=0x7ffbfeff, sa_flags=0x10000004


---------------  S Y S T E M  ---------------

OS:LinuxMint 14 (nadia)
uname:Linux 3.5.0-17-generic #28-Ubuntu SMP Tue Oct 9 19:31:23 UTC 2012 x86_64
libc:glibc 2.15 NPTL 2.15 
rlimit: STACK 8192k, CORE 0k, NPROC 47203, NOFILE 4096, AS infinity
load average:0.24 0.30 0.26

/proc/meminfo:
MemTotal:        6060408 kB
MemFree:         2158700 kB
Buffers:          290112 kB
Cached:          1171536 kB
SwapCached:            0 kB
Active:          2607848 kB
Inactive:         992948 kB
Active(anon):    2140120 kB
Inactive(anon):    51864 kB
Active(file):     467728 kB
Inactive(file):   941084 kB
Unevictable:           0 kB
Mlocked:               0 kB
SwapTotal:      10277884 kB
SwapFree:       10277884 kB
Dirty:              9184 kB
Writeback:             0 kB
AnonPages:       2139340 kB
Mapped:           159056 kB
Shmem:             52848 kB
Slab:             178692 kB
SReclaimable:     151560 kB
SUnreclaim:        27132 kB
KernelStack:        4448 kB
PageTables:        30708 kB
NFS_Unstable:          0 kB
Bounce:                0 kB
WritebackTmp:          0 kB
CommitLimit:    13308088 kB
Committed_AS:    5133068 kB
VmallocTotal:   34359738367 kB
VmallocUsed:      573680 kB
VmallocChunk:   34359159436 kB
HardwareCorrupted:     0 kB
AnonHugePages:         0 kB
HugePages_Total:       0
HugePages_Free:        0
HugePages_Rsvd:        0
HugePages_Surp:        0
Hugepagesize:       2048 kB
DirectMap4k:       71680 kB
DirectMap2M:     5120000 kB


CPU:total 4 (2 cores per cpu, 2 threads per core) family 6 model 42 stepping 7, cmov, cx8, fxsr, mmx, sse, sse2, sse3, ssse3, sse4.1, sse4.2, popcnt, avx, aes, ht, tsc, tscinvbit

/proc/cpuinfo:
processor	: 0
vendor_id	: GenuineIntel
cpu family	: 6
model		: 42
model name	: Intel(R) Core(TM) i5-2430M CPU @ 2.40GHz
stepping	: 7
microcode	: 0x25
cpu MHz		: 1200.000
cache size	: 3072 KB
physical id	: 0
siblings	: 4
core id		: 0
cpu cores	: 2
apicid		: 0
initial apicid	: 0
fpu		: yes
fpu_exception	: yes
cpuid level	: 13
wp		: yes
flags		: fpu vme de pse tsc msr pae mce cx8 apic sep mtrr pge mca cmov pat pse36 clflush dts acpi mmx fxsr sse sse2 ss ht tm pbe syscall nx rdtscp lm constant_tsc arch_perfmon pebs bts rep_good nopl xtopology nonstop_tsc aperfmperf pni pclmulqdq dtes64 monitor ds_cpl vmx est tm2 ssse3 cx16 xtpr pdcm pcid sse4_1 sse4_2 x2apic popcnt tsc_deadline_timer aes xsave avx lahf_lm ida arat epb xsaveopt pln pts dtherm tpr_shadow vnmi flexpriority ept vpid
bogomips	: 4789.28
clflush size	: 64
cache_alignment	: 64
address sizes	: 36 bits physical, 48 bits virtual
power management:

processor	: 1
vendor_id	: GenuineIntel
cpu family	: 6
model		: 42
model name	: Intel(R) Core(TM) i5-2430M CPU @ 2.40GHz
stepping	: 7
microcode	: 0x25
cpu MHz		: 800.000
cache size	: 3072 KB
physical id	: 0
siblings	: 4
core id		: 0
cpu cores	: 2
apicid		: 1
initial apicid	: 1
fpu		: yes
fpu_exception	: yes
cpuid level	: 13
wp		: yes
flags		: fpu vme de pse tsc msr pae mce cx8 apic sep mtrr pge mca cmov pat pse36 clflush dts acpi mmx fxsr sse sse2 ss ht tm pbe syscall nx rdtscp lm constant_tsc arch_perfmon pebs bts rep_good nopl xtopology nonstop_tsc aperfmperf pni pclmulqdq dtes64 monitor ds_cpl vmx est tm2 ssse3 cx16 xtpr pdcm pcid sse4_1 sse4_2 x2apic popcnt tsc_deadline_timer aes xsave avx lahf_lm ida arat epb xsaveopt pln pts dtherm tpr_shadow vnmi flexpriority ept vpid
bogomips	: 4789.28
clflush size	: 64
cache_alignment	: 64
address sizes	: 36 bits physical, 48 bits virtual
power management:

processor	: 2
vendor_id	: GenuineIntel
cpu family	: 6
model		: 42
model name	: Intel(R) Core(TM) i5-2430M CPU @ 2.40GHz
stepping	: 7
microcode	: 0x25
cpu MHz		: 2401.000
cache size	: 3072 KB
physical id	: 0
siblings	: 4
core id		: 1
cpu cores	: 2
apicid		: 2
initial apicid	: 2
fpu		: yes
fpu_exception	: yes
cpuid level	: 13
wp		: yes
flags		: fpu vme de pse tsc msr pae mce cx8 apic sep mtrr pge mca cmov pat pse36 clflush dts acpi mmx fxsr sse sse2 ss ht tm pbe syscall nx rdtscp lm constant_tsc arch_perfmon pebs bts rep_good nopl xtopology nonstop_tsc aperfmperf pni pclmulqdq dtes64 monitor ds_cpl vmx est tm2 ssse3 cx16 xtpr pdcm pcid sse4_1 sse4_2 x2apic popcnt tsc_deadline_timer aes xsave avx lahf_lm ida arat epb xsaveopt pln pts dtherm tpr_shadow vnmi flexpriority ept vpid
bogomips	: 4789.28
clflush size	: 64
cache_alignment	: 64
address sizes	: 36 bits physical, 48 bits virtual
power management:

processor	: 3
vendor_id	: GenuineIntel
cpu family	: 6
model		: 42
model name	: Intel(R) Core(TM) i5-2430M CPU @ 2.40GHz
stepping	: 7
microcode	: 0x25
cpu MHz		: 800.000
cache size	: 3072 KB
physical id	: 0
siblings	: 4
core id		: 1
cpu cores	: 2
apicid		: 3
initial apicid	: 3
fpu		: yes
fpu_exception	: yes
cpuid level	: 13
wp		: yes
flags		: fpu vme de pse tsc msr pae mce cx8 apic sep mtrr pge mca cmov pat pse36 clflush dts acpi mmx fxsr sse sse2 ss ht tm pbe syscall nx rdtscp lm constant_tsc arch_perfmon pebs bts rep_good nopl xtopology nonstop_tsc aperfmperf pni pclmulqdq dtes64 monitor ds_cpl vmx est tm2 ssse3 cx16 xtpr pdcm pcid sse4_1 sse4_2 x2apic popcnt tsc_deadline_timer aes xsave avx lahf_lm ida arat epb xsaveopt pln pts dtherm tpr_shadow vnmi flexpriority ept vpid
bogomips	: 4789.28
clflush size	: 64
cache_alignment	: 64
address sizes	: 36 bits physical, 48 bits virtual
power management:



Memory: 4k page, physical 6060408k(2158700k free), swap 10277884k(10277884k free)

vm_info: OpenJDK 64-Bit Server VM (24.51-b03) for linux-amd64 JRE (1.7.0_55-b14), built on Apr 18 2014 20:50:59 by "buildd" with gcc 4.7.2

time: Tue May 20 12:02:53 2014
elapsed time: 9 seconds

